The target system is: Generic -  - 
The host system is: Linux - 6.1.0-1028-oem - x86_64
Compiling the C compiler identification source file "CMakeCCompilerId.c" succeeded.
Compiler: /home/luoyunxin/.espressif/tools/xtensa-esp-elf/esp-14.2.0_20240906/xtensa-esp-elf/bin/xtensa-esp32s3-elf-gcc 
Build flags: -mlongcalls;;-fno-builtin-memcpy;-fno-builtin-memset;-fno-builtin-bzero;-fno-builtin-stpcpy;-fno-builtin-strncpy
Id flags:  

The output was:
0


Compilation of the C compiler identification source "CMakeCCompilerId.c" produced "a.out"

The C compiler identification is GNU, found in "/home/luoyunxin/esp/elec_clock_local/build/CMakeFiles/3.22.1/CompilerIdC/a.out"

Compiling the CXX compiler identification source file "CMakeCXXCompilerId.cpp" succeeded.
Compiler: /home/luoyunxin/.espressif/tools/xtensa-esp-elf/esp-14.2.0_20240906/xtensa-esp-elf/bin/xtensa-esp32s3-elf-g++ 
Build flags: -mlongcalls;;-fno-builtin-memcpy;-fno-builtin-memset;-fno-builtin-bzero;-fno-builtin-stpcpy;-fno-builtin-strncpy
Id flags:  

The output was:
0


Compilation of the CXX compiler identification source "CMakeCXXCompilerId.cpp" produced "a.out"

The CXX compiler identification is GNU, found in "/home/luoyunxin/esp/elec_clock_local/build/CMakeFiles/3.22.1/CompilerIdCXX/a.out"

Checking whether the ASM compiler is GNU using "--version" matched "(GNU assembler)|(GCC)|(Free Software Foundation)":
xtensa-esp-elf-gcc (crosstool-NG esp-14.2.0_20240906) 14.2.0
Copyright (C) 2024 Free Software Foundation, Inc.
This is free software; see the source for copying conditions.  There is NO
warranty; not even for MERCHANTABILITY or FITNESS FOR A PARTICULAR PURPOSE.

Detecting C compiler ABI info compiled with the following output:
Change Dir: /home/luoyunxin/esp/elec_clock_local/build/CMakeFiles/CMakeTmp

Run Build Command(s):/usr/bin/ninja cmTC_b91a2 && [1/2] Building C object CMakeFiles/cmTC_b91a2.dir/CMakeCCompilerABI.c.obj
Using built-in specs.
COLLECT_GCC=/home/luoyunxin/.espressif/tools/xtensa-esp-elf/esp-14.2.0_20240906/xtensa-esp-elf/bin/xtensa-esp-elf-gcc
Target: xtensa-esp-elf
Configured with: /builds/idf/crosstool-NG/.build/xtensa-esp-elf/src/gcc/configure --build=x86_64-build_pc-linux-gnu --host=x86_64-build_pc-linux-gnu --target=xtensa-esp-elf --prefix=/builds/idf/crosstool-NG/builds/xtensa-esp-elf --exec_prefix=/builds/idf/crosstool-NG/builds/xtensa-esp-elf --with-local-prefix=/builds/idf/crosstool-NG/builds/xtensa-esp-elf/xtensa-esp-elf --with-sysroot=/builds/idf/crosstool-NG/builds/xtensa-esp-elf/xtensa-esp-elf --with-native-system-header-dir=/include --with-newlib --enable-threads=no --disable-shared --with-pkgversion='crosstool-NG esp-14.2.0_20240906' --disable-__cxa_atexit --enable-cxx-flags=-ffunction-sections --disable-libgomp --disable-libmudflap --disable-libmpx --disable-libssp --disable-libquadmath --disable-libquadmath-support --disable-libstdcxx-verbose --with-gmp=/builds/idf/crosstool-NG/.build/xtensa-esp-elf/buildtools --with-mpfr=/builds/idf/crosstool-NG/.build/xtensa-esp-elf/buildtools --with-mpc=/builds/idf/crosstool-NG/.build/xtensa-esp-elf/buildtools --with-isl=/builds/idf/crosstool-NG/.build/xtensa-esp-elf/buildtools --enable-lto --enable-target-optspace --without-long-double-128 --disable-nls --enable-multiarch --enable-languages=c,c++ --disable-libstdcxx-verbose --enable-threads=posix --enable-gcov-custom-rtio --enable-libstdcxx-time=yes
Thread model: posix
Supported LTO compression algorithms: zlib zstd
gcc version 14.2.0 (crosstool-NG esp-14.2.0_20240906) 
COLLECT_GCC_OPTIONS='-mdynconfig=xtensa_esp32s3.so' '-mlongcalls' '-fno-builtin-memcpy' '-fno-builtin-memset' '-fno-builtin-bzero' '-fno-builtin-stpcpy' '-fno-builtin-strncpy' '-v' '-o' 'CMakeFiles/cmTC_b91a2.dir/CMakeCCompilerABI.c.obj' '-c' '-dumpdir' 'CMakeFiles/cmTC_b91a2.dir/'
 /home/luoyunxin/.espressif/tools/xtensa-esp-elf/esp-14.2.0_20240906/xtensa-esp-elf/bin/../libexec/gcc/xtensa-esp-elf/14.2.0/cc1 -quiet -v -imultilib esp32s3 -iprefix /home/luoyunxin/.espressif/tools/xtensa-esp-elf/esp-14.2.0_20240906/xtensa-esp-elf/bin/../lib/gcc/xtensa-esp-elf/14.2.0/ -isysroot /home/luoyunxin/.espressif/tools/xtensa-esp-elf/esp-14.2.0_20240906/xtensa-esp-elf/bin/../xtensa-esp-elf /usr/share/cmake-3.22/Modules/CMakeCCompilerABI.c -quiet -dumpdir CMakeFiles/cmTC_b91a2.dir/ -dumpbase CMakeCCompilerABI.c.c -dumpbase-ext .c -mdynconfig=xtensa_esp32s3.so -mlongcalls -version -fno-builtin-memcpy -fno-builtin-memset -fno-builtin-bzero -fno-builtin-stpcpy -fno-builtin-strncpy -o /tmp/ccXN5qAx.s
GNU C17 (crosstool-NG esp-14.2.0_20240906) version 14.2.0 (xtensa-esp-elf)
	compiled by GNU C version 4.9.2, GMP version 6.2.1, MPFR version 4.2.1, MPC version 1.2.1, isl version isl-0.26-GMP

GGC heuristics: --param ggc-min-expand=100 --param ggc-min-heapsize=131072
ignoring duplicate directory "/home/luoyunxin/.espressif/tools/xtensa-esp-elf/esp-14.2.0_20240906/xtensa-esp-elf/bin/../lib/gcc/../../lib/gcc/xtensa-esp-elf/14.2.0/include"
ignoring nonexistent directory "/home/luoyunxin/.espressif/tools/xtensa-esp-elf/esp-14.2.0_20240906/xtensa-esp-elf/bin/../xtensa-esp-elf/builds/idf/crosstool-NG/builds/xtensa-esp-elf/xtensa-esp-elf/include"
ignoring duplicate directory "/home/luoyunxin/.espressif/tools/xtensa-esp-elf/esp-14.2.0_20240906/xtensa-esp-elf/bin/../lib/gcc/../../lib/gcc/xtensa-esp-elf/14.2.0/include-fixed"
ignoring duplicate directory "/home/luoyunxin/.espressif/tools/xtensa-esp-elf/esp-14.2.0_20240906/xtensa-esp-elf/bin/../lib/gcc/../../lib/gcc/xtensa-esp-elf/14.2.0/../../../../xtensa-esp-elf/include"
ignoring duplicate directory "/home/luoyunxin/.espressif/tools/xtensa-esp-elf/esp-14.2.0_20240906/xtensa-esp-elf/bin/../xtensa-esp-elf/include"
#include "..." search starts here:
#include <...> search starts here:
 /home/luoyunxin/.espressif/tools/xtensa-esp-elf/esp-14.2.0_20240906/xtensa-esp-elf/bin/../lib/gcc/xtensa-esp-elf/14.2.0/include
 /home/luoyunxin/.espressif/tools/xtensa-esp-elf/esp-14.2.0_20240906/xtensa-esp-elf/bin/../lib/gcc/xtensa-esp-elf/14.2.0/include-fixed
 /home/luoyunxin/.espressif/tools/xtensa-esp-elf/esp-14.2.0_20240906/xtensa-esp-elf/bin/../lib/gcc/xtensa-esp-elf/14.2.0/../../../../xtensa-esp-elf/include
End of search list.
Compiler executable checksum: fdc307504a0b8689048d7fe021921113
COLLECT_GCC_OPTIONS='-mdynconfig=xtensa_esp32s3.so' '-mlongcalls' '-fno-builtin-memcpy' '-fno-builtin-memset' '-fno-builtin-bzero' '-fno-builtin-stpcpy' '-fno-builtin-strncpy' '-v' '-o' 'CMakeFiles/cmTC_b91a2.dir/CMakeCCompilerABI.c.obj' '-c' '-dumpdir' 'CMakeFiles/cmTC_b91a2.dir/'
 /home/luoyunxin/.espressif/tools/xtensa-esp-elf/esp-14.2.0_20240906/xtensa-esp-elf/bin/../lib/gcc/xtensa-esp-elf/14.2.0/../../../../xtensa-esp-elf/bin/as --traditional-format --longcalls --dynconfig=xtensa_esp32s3.so -o CMakeFiles/cmTC_b91a2.dir/CMakeCCompilerABI.c.obj /tmp/ccXN5qAx.s
COMPILER_PATH=/home/luoyunxin/.espressif/tools/xtensa-esp-elf/esp-14.2.0_20240906/xtensa-esp-elf/bin/../libexec/gcc/xtensa-esp-elf/14.2.0/:/home/luoyunxin/.espressif/tools/xtensa-esp-elf/esp-14.2.0_20240906/xtensa-esp-elf/bin/../libexec/gcc/:/home/luoyunxin/.espressif/tools/xtensa-esp-elf/esp-14.2.0_20240906/xtensa-esp-elf/bin/../lib/gcc/xtensa-esp-elf/14.2.0/../../../../xtensa-esp-elf/bin/
LIBRARY_PATH=/home/luoyunxin/.espressif/tools/xtensa-esp-elf/esp-14.2.0_20240906/xtensa-esp-elf/bin/../lib/gcc/xtensa-esp-elf/14.2.0/esp32s3/:/home/luoyunxin/.espressif/tools/xtensa-esp-elf/esp-14.2.0_20240906/xtensa-esp-elf/bin/../lib/gcc/xtensa-esp-elf/14.2.0/../../../../xtensa-esp-elf/lib/esp32s3/:/home/luoyunxin/.espressif/tools/xtensa-esp-elf/esp-14.2.0_20240906/xtensa-esp-elf/bin/../xtensa-esp-elf/lib/esp32s3/:/home/luoyunxin/.espressif/tools/xtensa-esp-elf/esp-14.2.0_20240906/xtensa-esp-elf/bin/../lib/gcc/xtensa-esp-elf/14.2.0/:/home/luoyunxin/.espressif/tools/xtensa-esp-elf/esp-14.2.0_20240906/xtensa-esp-elf/bin/../lib/gcc/:/home/luoyunxin/.espressif/tools/xtensa-esp-elf/esp-14.2.0_20240906/xtensa-esp-elf/bin/../lib/gcc/xtensa-esp-elf/14.2.0/../../../../xtensa-esp-elf/lib/:/home/luoyunxin/.espressif/tools/xtensa-esp-elf/esp-14.2.0_20240906/xtensa-esp-elf/bin/../xtensa-esp-elf/lib/:/home/luoyunxin/.espressif/tools/xtensa-esp-elf/esp-14.2.0_20240906/xtensa-esp-elf/bin/../xtensa-esp-elf/usr/lib/
COLLECT_GCC_OPTIONS='-mdynconfig=xtensa_esp32s3.so' '-mlongcalls' '-fno-builtin-memcpy' '-fno-builtin-memset' '-fno-builtin-bzero' '-fno-builtin-stpcpy' '-fno-builtin-strncpy' '-v' '-o' 'CMakeFiles/cmTC_b91a2.dir/CMakeCCompilerABI.c.obj' '-c' '-dumpdir' 'CMakeFiles/cmTC_b91a2.dir/CMakeCCompilerABI.c.'
[2/2] Linking C executable cmTC_b91a2
Using built-in specs.
COLLECT_GCC=/home/luoyunxin/.espressif/tools/xtensa-esp-elf/esp-14.2.0_20240906/xtensa-esp-elf/bin/xtensa-esp-elf-gcc
COLLECT_LTO_WRAPPER=/home/luoyunxin/.espressif/tools/xtensa-esp-elf/esp-14.2.0_20240906/xtensa-esp-elf/bin/../libexec/gcc/xtensa-esp-elf/14.2.0/lto-wrapper
Target: xtensa-esp-elf
Configured with: /builds/idf/crosstool-NG/.build/xtensa-esp-elf/src/gcc/configure --build=x86_64-build_pc-linux-gnu --host=x86_64-build_pc-linux-gnu --target=xtensa-esp-elf --prefix=/builds/idf/crosstool-NG/builds/xtensa-esp-elf --exec_prefix=/builds/idf/crosstool-NG/builds/xtensa-esp-elf --with-local-prefix=/builds/idf/crosstool-NG/builds/xtensa-esp-elf/xtensa-esp-elf --with-sysroot=/builds/idf/crosstool-NG/builds/xtensa-esp-elf/xtensa-esp-elf --with-native-system-header-dir=/include --with-newlib --enable-threads=no --disable-shared --with-pkgversion='crosstool-NG esp-14.2.0_20240906' --disable-__cxa_atexit --enable-cxx-flags=-ffunction-sections --disable-libgomp --disable-libmudflap --disable-libmpx --disable-libssp --disable-libquadmath --disable-libquadmath-support --disable-libstdcxx-verbose --with-gmp=/builds/idf/crosstool-NG/.build/xtensa-esp-elf/buildtools --with-mpfr=/builds/idf/crosstool-NG/.build/xtensa-esp-elf/buildtools --with-mpc=/builds/idf/crosstool-NG/.build/xtensa-esp-elf/buildtools --with-isl=/builds/idf/crosstool-NG/.build/xtensa-esp-elf/buildtools --enable-lto --enable-target-optspace --without-long-double-128 --disable-nls --enable-multiarch --enable-languages=c,c++ --disable-libstdcxx-verbose --enable-threads=posix --enable-gcov-custom-rtio --enable-libstdcxx-time=yes
Thread model: posix
Supported LTO compression algorithms: zlib zstd
gcc version 14.2.0 (crosstool-NG esp-14.2.0_20240906) 
COMPILER_PATH=/home/luoyunxin/.espressif/tools/xtensa-esp-elf/esp-14.2.0_20240906/xtensa-esp-elf/bin/../libexec/gcc/xtensa-esp-elf/14.2.0/:/home/luoyunxin/.espressif/tools/xtensa-esp-elf/esp-14.2.0_20240906/xtensa-esp-elf/bin/../libexec/gcc/:/home/luoyunxin/.espressif/tools/xtensa-esp-elf/esp-14.2.0_20240906/xtensa-esp-elf/bin/../lib/gcc/xtensa-esp-elf/14.2.0/../../../../xtensa-esp-elf/bin/
LIBRARY_PATH=/home/luoyunxin/.espressif/tools/xtensa-esp-elf/esp-14.2.0_20240906/xtensa-esp-elf/bin/../lib/gcc/xtensa-esp-elf/14.2.0/esp32s3/:/home/luoyunxin/.espressif/tools/xtensa-esp-elf/esp-14.2.0_20240906/xtensa-esp-elf/bin/../lib/gcc/xtensa-esp-elf/14.2.0/../../../../xtensa-esp-elf/lib/esp32s3/:/home/luoyunxin/.espressif/tools/xtensa-esp-elf/esp-14.2.0_20240906/xtensa-esp-elf/bin/../xtensa-esp-elf/lib/esp32s3/:/home/luoyunxin/.espressif/tools/xtensa-esp-elf/esp-14.2.0_20240906/xtensa-esp-elf/bin/../lib/gcc/xtensa-esp-elf/14.2.0/:/home/luoyunxin/.espressif/tools/xtensa-esp-elf/esp-14.2.0_20240906/xtensa-esp-elf/bin/../lib/gcc/:/home/luoyunxin/.espressif/tools/xtensa-esp-elf/esp-14.2.0_20240906/xtensa-esp-elf/bin/../lib/gcc/xtensa-esp-elf/14.2.0/../../../../xtensa-esp-elf/lib/:/home/luoyunxin/.espressif/tools/xtensa-esp-elf/esp-14.2.0_20240906/xtensa-esp-elf/bin/../xtensa-esp-elf/lib/:/home/luoyunxin/.espressif/tools/xtensa-esp-elf/esp-14.2.0_20240906/xtensa-esp-elf/bin/../xtensa-esp-elf/usr/lib/
COLLECT_GCC_OPTIONS='-mdynconfig=xtensa_esp32s3.so' '-mlongcalls' '-fno-builtin-memcpy' '-fno-builtin-memset' '-fno-builtin-bzero' '-fno-builtin-stpcpy' '-fno-builtin-strncpy' '-v' '-o' 'cmTC_b91a2' '-dumpdir' 'cmTC_b91a2.'
 /home/luoyunxin/.espressif/tools/xtensa-esp-elf/esp-14.2.0_20240906/xtensa-esp-elf/bin/../libexec/gcc/xtensa-esp-elf/14.2.0/collect2 -plugin /home/luoyunxin/.espressif/tools/xtensa-esp-elf/esp-14.2.0_20240906/xtensa-esp-elf/bin/../libexec/gcc/xtensa-esp-elf/14.2.0/liblto_plugin.so -plugin-opt=/home/luoyunxin/.espressif/tools/xtensa-esp-elf/esp-14.2.0_20240906/xtensa-esp-elf/bin/../libexec/gcc/xtensa-esp-elf/14.2.0/lto-wrapper -plugin-opt=-fresolution=/tmp/ccJzYns1.res -plugin-opt=-pass-through=-lgcc -plugin-opt=-pass-through=-lc -plugin-opt=-pass-through=-lnosys -plugin-opt=-pass-through=-lc -plugin-opt=-pass-through=-lgcc --sysroot=/home/luoyunxin/.espressif/tools/xtensa-esp-elf/esp-14.2.0_20240906/xtensa-esp-elf/bin/../xtensa-esp-elf --dynconfig=xtensa_esp32s3.so -o cmTC_b91a2 /home/luoyunxin/.espressif/tools/xtensa-esp-elf/esp-14.2.0_20240906/xtensa-esp-elf/bin/../lib/gcc/xtensa-esp-elf/14.2.0/../../../../xtensa-esp-elf/lib/esp32s3/crt0.o /home/luoyunxin/.espressif/tools/xtensa-esp-elf/esp-14.2.0_20240906/xtensa-esp-elf/bin/../lib/gcc/xtensa-esp-elf/14.2.0/esp32s3/crti.o /home/luoyunxin/.espressif/tools/xtensa-esp-elf/esp-14.2.0_20240906/xtensa-esp-elf/bin/../lib/gcc/xtensa-esp-elf/14.2.0/esp32s3/crtbegin.o -L/home/luoyunxin/.espressif/tools/xtensa-esp-elf/esp-14.2.0_20240906/xtensa-esp-elf/bin/../lib/gcc/xtensa-esp-elf/14.2.0/esp32s3 -L/home/luoyunxin/.espressif/tools/xtensa-esp-elf/esp-14.2.0_20240906/xtensa-esp-elf/bin/../lib/gcc/xtensa-esp-elf/14.2.0/../../../../xtensa-esp-elf/lib/esp32s3 -L/home/luoyunxin/.espressif/tools/xtensa-esp-elf/esp-14.2.0_20240906/xtensa-esp-elf/bin/../xtensa-esp-elf/lib/esp32s3 -L/home/luoyunxin/.espressif/tools/xtensa-esp-elf/esp-14.2.0_20240906/xtensa-esp-elf/bin/../lib/gcc/xtensa-esp-elf/14.2.0 -L/home/luoyunxin/.espressif/tools/xtensa-esp-elf/esp-14.2.0_20240906/xtensa-esp-elf/bin/../lib/gcc -L/home/luoyunxin/.espressif/tools/xtensa-esp-elf/esp-14.2.0_20240906/xtensa-esp-elf/bin/../lib/gcc/xtensa-esp-elf/14.2.0/../../../../xtensa-esp-elf/lib -L/home/luoyunxin/.espressif/tools/xtensa-esp-elf/esp-14.2.0_20240906/xtensa-esp-elf/bin/../xtensa-esp-elf/lib -L/home/luoyunxin/.espressif/tools/xtensa-esp-elf/esp-14.2.0_20240906/xtensa-esp-elf/bin/../xtensa-esp-elf/usr/lib CMakeFiles/cmTC_b91a2.dir/CMakeCCompilerABI.c.obj -lgcc -lc -lnosys -lc -lgcc /home/luoyunxin/.espressif/tools/xtensa-esp-elf/esp-14.2.0_20240906/xtensa-esp-elf/bin/../lib/gcc/xtensa-esp-elf/14.2.0/esp32s3/crtend.o /home/luoyunxin/.espressif/tools/xtensa-esp-elf/esp-14.2.0_20240906/xtensa-esp-elf/bin/../lib/gcc/xtensa-esp-elf/14.2.0/esp32s3/crtn.o
COLLECT_GCC_OPTIONS='-mdynconfig=xtensa_esp32s3.so' '-mlongcalls' '-fno-builtin-memcpy' '-fno-builtin-memset' '-fno-builtin-bzero' '-fno-builtin-stpcpy' '-fno-builtin-strncpy' '-v' '-o' 'cmTC_b91a2' '-dumpdir' 'cmTC_b91a2.'



Parsed C implicit include dir info from above output: rv=done
  found start of include info
  found start of implicit include info
    add: [/home/luoyunxin/.espressif/tools/xtensa-esp-elf/esp-14.2.0_20240906/xtensa-esp-elf/bin/../lib/gcc/xtensa-esp-elf/14.2.0/include]
    add: [/home/luoyunxin/.espressif/tools/xtensa-esp-elf/esp-14.2.0_20240906/xtensa-esp-elf/bin/../lib/gcc/xtensa-esp-elf/14.2.0/include-fixed]
    add: [/home/luoyunxin/.espressif/tools/xtensa-esp-elf/esp-14.2.0_20240906/xtensa-esp-elf/bin/../lib/gcc/xtensa-esp-elf/14.2.0/../../../../xtensa-esp-elf/include]
  end of search list found
  collapse include dir [/home/luoyunxin/.espressif/tools/xtensa-esp-elf/esp-14.2.0_20240906/xtensa-esp-elf/bin/../lib/gcc/xtensa-esp-elf/14.2.0/include] ==> [/home/luoyunxin/.espressif/tools/xtensa-esp-elf/esp-14.2.0_20240906/xtensa-esp-elf/lib/gcc/xtensa-esp-elf/14.2.0/include]
  collapse include dir [/home/luoyunxin/.espressif/tools/xtensa-esp-elf/esp-14.2.0_20240906/xtensa-esp-elf/bin/../lib/gcc/xtensa-esp-elf/14.2.0/include-fixed] ==> [/home/luoyunxin/.espressif/tools/xtensa-esp-elf/esp-14.2.0_20240906/xtensa-esp-elf/lib/gcc/xtensa-esp-elf/14.2.0/include-fixed]
  collapse include dir [/home/luoyunxin/.espressif/tools/xtensa-esp-elf/esp-14.2.0_20240906/xtensa-esp-elf/bin/../lib/gcc/xtensa-esp-elf/14.2.0/../../../../xtensa-esp-elf/include] ==> [/home/luoyunxin/.espressif/tools/xtensa-esp-elf/esp-14.2.0_20240906/xtensa-esp-elf/xtensa-esp-elf/include]
  implicit include dirs: [/home/luoyunxin/.espressif/tools/xtensa-esp-elf/esp-14.2.0_20240906/xtensa-esp-elf/lib/gcc/xtensa-esp-elf/14.2.0/include;/home/luoyunxin/.espressif/tools/xtensa-esp-elf/esp-14.2.0_20240906/xtensa-esp-elf/lib/gcc/xtensa-esp-elf/14.2.0/include-fixed;/home/luoyunxin/.espressif/tools/xtensa-esp-elf/esp-14.2.0_20240906/xtensa-esp-elf/xtensa-esp-elf/include]


Parsed C implicit link information from above output:
  link line regex: [^( *|.*[/\])(xtensa-esp32s3-elf-ld|CMAKE_LINK_STARTFILE-NOTFOUND|([^/\]+-)?ld|collect2)[^/\]*( |$)]
  ignore line: [Change Dir: /home/luoyunxin/esp/elec_clock_local/build/CMakeFiles/CMakeTmp]
  ignore line: []
  ignore line: [Run Build Command(s):/usr/bin/ninja cmTC_b91a2 && [1/2] Building C object CMakeFiles/cmTC_b91a2.dir/CMakeCCompilerABI.c.obj]
  ignore line: [Using built-in specs.]
  ignore line: [COLLECT_GCC=/home/luoyunxin/.espressif/tools/xtensa-esp-elf/esp-14.2.0_20240906/xtensa-esp-elf/bin/xtensa-esp-elf-gcc]
  ignore line: [Target: xtensa-esp-elf]
  ignore line: [Configured with: /builds/idf/crosstool-NG/.build/xtensa-esp-elf/src/gcc/configure --build=x86_64-build_pc-linux-gnu --host=x86_64-build_pc-linux-gnu --target=xtensa-esp-elf --prefix=/builds/idf/crosstool-NG/builds/xtensa-esp-elf --exec_prefix=/builds/idf/crosstool-NG/builds/xtensa-esp-elf --with-local-prefix=/builds/idf/crosstool-NG/builds/xtensa-esp-elf/xtensa-esp-elf --with-sysroot=/builds/idf/crosstool-NG/builds/xtensa-esp-elf/xtensa-esp-elf --with-native-system-header-dir=/include --with-newlib --enable-threads=no --disable-shared --with-pkgversion='crosstool-NG esp-14.2.0_20240906' --disable-__cxa_atexit --enable-cxx-flags=-ffunction-sections --disable-libgomp --disable-libmudflap --disable-libmpx --disable-libssp --disable-libquadmath --disable-libquadmath-support --disable-libstdcxx-verbose --with-gmp=/builds/idf/crosstool-NG/.build/xtensa-esp-elf/buildtools --with-mpfr=/builds/idf/crosstool-NG/.build/xtensa-esp-elf/buildtools --with-mpc=/builds/idf/crosstool-NG/.build/xtensa-esp-elf/buildtools --with-isl=/builds/idf/crosstool-NG/.build/xtensa-esp-elf/buildtools --enable-lto --enable-target-optspace --without-long-double-128 --disable-nls --enable-multiarch --enable-languages=c c++ --disable-libstdcxx-verbose --enable-threads=posix --enable-gcov-custom-rtio --enable-libstdcxx-time=yes]
  ignore line: [Thread model: posix]
  ignore line: [Supported LTO compression algorithms: zlib zstd]
  ignore line: [gcc version 14.2.0 (crosstool-NG esp-14.2.0_20240906) ]
  ignore line: [COLLECT_GCC_OPTIONS='-mdynconfig=xtensa_esp32s3.so' '-mlongcalls' '-fno-builtin-memcpy' '-fno-builtin-memset' '-fno-builtin-bzero' '-fno-builtin-stpcpy' '-fno-builtin-strncpy' '-v' '-o' 'CMakeFiles/cmTC_b91a2.dir/CMakeCCompilerABI.c.obj' '-c' '-dumpdir' 'CMakeFiles/cmTC_b91a2.dir/']
  ignore line: [ /home/luoyunxin/.espressif/tools/xtensa-esp-elf/esp-14.2.0_20240906/xtensa-esp-elf/bin/../libexec/gcc/xtensa-esp-elf/14.2.0/cc1 -quiet -v -imultilib esp32s3 -iprefix /home/luoyunxin/.espressif/tools/xtensa-esp-elf/esp-14.2.0_20240906/xtensa-esp-elf/bin/../lib/gcc/xtensa-esp-elf/14.2.0/ -isysroot /home/luoyunxin/.espressif/tools/xtensa-esp-elf/esp-14.2.0_20240906/xtensa-esp-elf/bin/../xtensa-esp-elf /usr/share/cmake-3.22/Modules/CMakeCCompilerABI.c -quiet -dumpdir CMakeFiles/cmTC_b91a2.dir/ -dumpbase CMakeCCompilerABI.c.c -dumpbase-ext .c -mdynconfig=xtensa_esp32s3.so -mlongcalls -version -fno-builtin-memcpy -fno-builtin-memset -fno-builtin-bzero -fno-builtin-stpcpy -fno-builtin-strncpy -o /tmp/ccXN5qAx.s]
  ignore line: [GNU C17 (crosstool-NG esp-14.2.0_20240906) version 14.2.0 (xtensa-esp-elf)]
  ignore line: [	compiled by GNU C version 4.9.2  GMP version 6.2.1  MPFR version 4.2.1  MPC version 1.2.1  isl version isl-0.26-GMP]
  ignore line: []
  ignore line: [GGC heuristics: --param ggc-min-expand=100 --param ggc-min-heapsize=131072]
  ignore line: [ignoring duplicate directory "/home/luoyunxin/.espressif/tools/xtensa-esp-elf/esp-14.2.0_20240906/xtensa-esp-elf/bin/../lib/gcc/../../lib/gcc/xtensa-esp-elf/14.2.0/include"]
  ignore line: [ignoring nonexistent directory "/home/luoyunxin/.espressif/tools/xtensa-esp-elf/esp-14.2.0_20240906/xtensa-esp-elf/bin/../xtensa-esp-elf/builds/idf/crosstool-NG/builds/xtensa-esp-elf/xtensa-esp-elf/include"]
  ignore line: [ignoring duplicate directory "/home/luoyunxin/.espressif/tools/xtensa-esp-elf/esp-14.2.0_20240906/xtensa-esp-elf/bin/../lib/gcc/../../lib/gcc/xtensa-esp-elf/14.2.0/include-fixed"]
  ignore line: [ignoring duplicate directory "/home/luoyunxin/.espressif/tools/xtensa-esp-elf/esp-14.2.0_20240906/xtensa-esp-elf/bin/../lib/gcc/../../lib/gcc/xtensa-esp-elf/14.2.0/../../../../xtensa-esp-elf/include"]
  ignore line: [ignoring duplicate directory "/home/luoyunxin/.espressif/tools/xtensa-esp-elf/esp-14.2.0_20240906/xtensa-esp-elf/bin/../xtensa-esp-elf/include"]
  ignore line: [#include "..." search starts here:]
  ignore line: [#include <...> search starts here:]
  ignore line: [ /home/luoyunxin/.espressif/tools/xtensa-esp-elf/esp-14.2.0_20240906/xtensa-esp-elf/bin/../lib/gcc/xtensa-esp-elf/14.2.0/include]
  ignore line: [ /home/luoyunxin/.espressif/tools/xtensa-esp-elf/esp-14.2.0_20240906/xtensa-esp-elf/bin/../lib/gcc/xtensa-esp-elf/14.2.0/include-fixed]
  ignore line: [ /home/luoyunxin/.espressif/tools/xtensa-esp-elf/esp-14.2.0_20240906/xtensa-esp-elf/bin/../lib/gcc/xtensa-esp-elf/14.2.0/../../../../xtensa-esp-elf/include]
  ignore line: [End of search list.]
  ignore line: [Compiler executable checksum: fdc307504a0b8689048d7fe021921113]
  ignore line: [COLLECT_GCC_OPTIONS='-mdynconfig=xtensa_esp32s3.so' '-mlongcalls' '-fno-builtin-memcpy' '-fno-builtin-memset' '-fno-builtin-bzero' '-fno-builtin-stpcpy' '-fno-builtin-strncpy' '-v' '-o' 'CMakeFiles/cmTC_b91a2.dir/CMakeCCompilerABI.c.obj' '-c' '-dumpdir' 'CMakeFiles/cmTC_b91a2.dir/']
  ignore line: [ /home/luoyunxin/.espressif/tools/xtensa-esp-elf/esp-14.2.0_20240906/xtensa-esp-elf/bin/../lib/gcc/xtensa-esp-elf/14.2.0/../../../../xtensa-esp-elf/bin/as --traditional-format --longcalls --dynconfig=xtensa_esp32s3.so -o CMakeFiles/cmTC_b91a2.dir/CMakeCCompilerABI.c.obj /tmp/ccXN5qAx.s]
  ignore line: [COMPILER_PATH=/home/luoyunxin/.espressif/tools/xtensa-esp-elf/esp-14.2.0_20240906/xtensa-esp-elf/bin/../libexec/gcc/xtensa-esp-elf/14.2.0/:/home/luoyunxin/.espressif/tools/xtensa-esp-elf/esp-14.2.0_20240906/xtensa-esp-elf/bin/../libexec/gcc/:/home/luoyunxin/.espressif/tools/xtensa-esp-elf/esp-14.2.0_20240906/xtensa-esp-elf/bin/../lib/gcc/xtensa-esp-elf/14.2.0/../../../../xtensa-esp-elf/bin/]
  ignore line: [LIBRARY_PATH=/home/luoyunxin/.espressif/tools/xtensa-esp-elf/esp-14.2.0_20240906/xtensa-esp-elf/bin/../lib/gcc/xtensa-esp-elf/14.2.0/esp32s3/:/home/luoyunxin/.espressif/tools/xtensa-esp-elf/esp-14.2.0_20240906/xtensa-esp-elf/bin/../lib/gcc/xtensa-esp-elf/14.2.0/../../../../xtensa-esp-elf/lib/esp32s3/:/home/luoyunxin/.espressif/tools/xtensa-esp-elf/esp-14.2.0_20240906/xtensa-esp-elf/bin/../xtensa-esp-elf/lib/esp32s3/:/home/luoyunxin/.espressif/tools/xtensa-esp-elf/esp-14.2.0_20240906/xtensa-esp-elf/bin/../lib/gcc/xtensa-esp-elf/14.2.0/:/home/luoyunxin/.espressif/tools/xtensa-esp-elf/esp-14.2.0_20240906/xtensa-esp-elf/bin/../lib/gcc/:/home/luoyunxin/.espressif/tools/xtensa-esp-elf/esp-14.2.0_20240906/xtensa-esp-elf/bin/../lib/gcc/xtensa-esp-elf/14.2.0/../../../../xtensa-esp-elf/lib/:/home/luoyunxin/.espressif/tools/xtensa-esp-elf/esp-14.2.0_20240906/xtensa-esp-elf/bin/../xtensa-esp-elf/lib/:/home/luoyunxin/.espressif/tools/xtensa-esp-elf/esp-14.2.0_20240906/xtensa-esp-elf/bin/../xtensa-esp-elf/usr/lib/]
  ignore line: [COLLECT_GCC_OPTIONS='-mdynconfig=xtensa_esp32s3.so' '-mlongcalls' '-fno-builtin-memcpy' '-fno-builtin-memset' '-fno-builtin-bzero' '-fno-builtin-stpcpy' '-fno-builtin-strncpy' '-v' '-o' 'CMakeFiles/cmTC_b91a2.dir/CMakeCCompilerABI.c.obj' '-c' '-dumpdir' 'CMakeFiles/cmTC_b91a2.dir/CMakeCCompilerABI.c.']
  ignore line: [[2/2] Linking C executable cmTC_b91a2]
  ignore line: [Using built-in specs.]
  ignore line: [COLLECT_GCC=/home/luoyunxin/.espressif/tools/xtensa-esp-elf/esp-14.2.0_20240906/xtensa-esp-elf/bin/xtensa-esp-elf-gcc]
  ignore line: [COLLECT_LTO_WRAPPER=/home/luoyunxin/.espressif/tools/xtensa-esp-elf/esp-14.2.0_20240906/xtensa-esp-elf/bin/../libexec/gcc/xtensa-esp-elf/14.2.0/lto-wrapper]
  ignore line: [Target: xtensa-esp-elf]
  ignore line: [Configured with: /builds/idf/crosstool-NG/.build/xtensa-esp-elf/src/gcc/configure --build=x86_64-build_pc-linux-gnu --host=x86_64-build_pc-linux-gnu --target=xtensa-esp-elf --prefix=/builds/idf/crosstool-NG/builds/xtensa-esp-elf --exec_prefix=/builds/idf/crosstool-NG/builds/xtensa-esp-elf --with-local-prefix=/builds/idf/crosstool-NG/builds/xtensa-esp-elf/xtensa-esp-elf --with-sysroot=/builds/idf/crosstool-NG/builds/xtensa-esp-elf/xtensa-esp-elf --with-native-system-header-dir=/include --with-newlib --enable-threads=no --disable-shared --with-pkgversion='crosstool-NG esp-14.2.0_20240906' --disable-__cxa_atexit --enable-cxx-flags=-ffunction-sections --disable-libgomp --disable-libmudflap --disable-libmpx --disable-libssp --disable-libquadmath --disable-libquadmath-support --disable-libstdcxx-verbose --with-gmp=/builds/idf/crosstool-NG/.build/xtensa-esp-elf/buildtools --with-mpfr=/builds/idf/crosstool-NG/.build/xtensa-esp-elf/buildtools --with-mpc=/builds/idf/crosstool-NG/.build/xtensa-esp-elf/buildtools --with-isl=/builds/idf/crosstool-NG/.build/xtensa-esp-elf/buildtools --enable-lto --enable-target-optspace --without-long-double-128 --disable-nls --enable-multiarch --enable-languages=c c++ --disable-libstdcxx-verbose --enable-threads=posix --enable-gcov-custom-rtio --enable-libstdcxx-time=yes]
  ignore line: [Thread model: posix]
  ignore line: [Supported LTO compression algorithms: zlib zstd]
  ignore line: [gcc version 14.2.0 (crosstool-NG esp-14.2.0_20240906) ]
  ignore line: [COMPILER_PATH=/home/luoyunxin/.espressif/tools/xtensa-esp-elf/esp-14.2.0_20240906/xtensa-esp-elf/bin/../libexec/gcc/xtensa-esp-elf/14.2.0/:/home/luoyunxin/.espressif/tools/xtensa-esp-elf/esp-14.2.0_20240906/xtensa-esp-elf/bin/../libexec/gcc/:/home/luoyunxin/.espressif/tools/xtensa-esp-elf/esp-14.2.0_20240906/xtensa-esp-elf/bin/../lib/gcc/xtensa-esp-elf/14.2.0/../../../../xtensa-esp-elf/bin/]
  ignore line: [LIBRARY_PATH=/home/luoyunxin/.espressif/tools/xtensa-esp-elf/esp-14.2.0_20240906/xtensa-esp-elf/bin/../lib/gcc/xtensa-esp-elf/14.2.0/esp32s3/:/home/luoyunxin/.espressif/tools/xtensa-esp-elf/esp-14.2.0_20240906/xtensa-esp-elf/bin/../lib/gcc/xtensa-esp-elf/14.2.0/../../../../xtensa-esp-elf/lib/esp32s3/:/home/luoyunxin/.espressif/tools/xtensa-esp-elf/esp-14.2.0_20240906/xtensa-esp-elf/bin/../xtensa-esp-elf/lib/esp32s3/:/home/luoyunxin/.espressif/tools/xtensa-esp-elf/esp-14.2.0_20240906/xtensa-esp-elf/bin/../lib/gcc/xtensa-esp-elf/14.2.0/:/home/luoyunxin/.espressif/tools/xtensa-esp-elf/esp-14.2.0_20240906/xtensa-esp-elf/bin/../lib/gcc/:/home/luoyunxin/.espressif/tools/xtensa-esp-elf/esp-14.2.0_20240906/xtensa-esp-elf/bin/../lib/gcc/xtensa-esp-elf/14.2.0/../../../../xtensa-esp-elf/lib/:/home/luoyunxin/.espressif/tools/xtensa-esp-elf/esp-14.2.0_20240906/xtensa-esp-elf/bin/../xtensa-esp-elf/lib/:/home/luoyunxin/.espressif/tools/xtensa-esp-elf/esp-14.2.0_20240906/xtensa-esp-elf/bin/../xtensa-esp-elf/usr/lib/]
  ignore line: [COLLECT_GCC_OPTIONS='-mdynconfig=xtensa_esp32s3.so' '-mlongcalls' '-fno-builtin-memcpy' '-fno-builtin-memset' '-fno-builtin-bzero' '-fno-builtin-stpcpy' '-fno-builtin-strncpy' '-v' '-o' 'cmTC_b91a2' '-dumpdir' 'cmTC_b91a2.']
  link line: [ /home/luoyunxin/.espressif/tools/xtensa-esp-elf/esp-14.2.0_20240906/xtensa-esp-elf/bin/../libexec/gcc/xtensa-esp-elf/14.2.0/collect2 -plugin /home/luoyunxin/.espressif/tools/xtensa-esp-elf/esp-14.2.0_20240906/xtensa-esp-elf/bin/../libexec/gcc/xtensa-esp-elf/14.2.0/liblto_plugin.so -plugin-opt=/home/luoyunxin/.espressif/tools/xtensa-esp-elf/esp-14.2.0_20240906/xtensa-esp-elf/bin/../libexec/gcc/xtensa-esp-elf/14.2.0/lto-wrapper -plugin-opt=-fresolution=/tmp/ccJzYns1.res -plugin-opt=-pass-through=-lgcc -plugin-opt=-pass-through=-lc -plugin-opt=-pass-through=-lnosys -plugin-opt=-pass-through=-lc -plugin-opt=-pass-through=-lgcc --sysroot=/home/luoyunxin/.espressif/tools/xtensa-esp-elf/esp-14.2.0_20240906/xtensa-esp-elf/bin/../xtensa-esp-elf --dynconfig=xtensa_esp32s3.so -o cmTC_b91a2 /home/luoyunxin/.espressif/tools/xtensa-esp-elf/esp-14.2.0_20240906/xtensa-esp-elf/bin/../lib/gcc/xtensa-esp-elf/14.2.0/../../../../xtensa-esp-elf/lib/esp32s3/crt0.o /home/luoyunxin/.espressif/tools/xtensa-esp-elf/esp-14.2.0_20240906/xtensa-esp-elf/bin/../lib/gcc/xtensa-esp-elf/14.2.0/esp32s3/crti.o /home/luoyunxin/.espressif/tools/xtensa-esp-elf/esp-14.2.0_20240906/xtensa-esp-elf/bin/../lib/gcc/xtensa-esp-elf/14.2.0/esp32s3/crtbegin.o -L/home/luoyunxin/.espressif/tools/xtensa-esp-elf/esp-14.2.0_20240906/xtensa-esp-elf/bin/../lib/gcc/xtensa-esp-elf/14.2.0/esp32s3 -L/home/luoyunxin/.espressif/tools/xtensa-esp-elf/esp-14.2.0_20240906/xtensa-esp-elf/bin/../lib/gcc/xtensa-esp-elf/14.2.0/../../../../xtensa-esp-elf/lib/esp32s3 -L/home/luoyunxin/.espressif/tools/xtensa-esp-elf/esp-14.2.0_20240906/xtensa-esp-elf/bin/../xtensa-esp-elf/lib/esp32s3 -L/home/luoyunxin/.espressif/tools/xtensa-esp-elf/esp-14.2.0_20240906/xtensa-esp-elf/bin/../lib/gcc/xtensa-esp-elf/14.2.0 -L/home/luoyunxin/.espressif/tools/xtensa-esp-elf/esp-14.2.0_20240906/xtensa-esp-elf/bin/../lib/gcc -L/home/luoyunxin/.espressif/tools/xtensa-esp-elf/esp-14.2.0_20240906/xtensa-esp-elf/bin/../lib/gcc/xtensa-esp-elf/14.2.0/../../../../xtensa-esp-elf/lib -L/home/luoyunxin/.espressif/tools/xtensa-esp-elf/esp-14.2.0_20240906/xtensa-esp-elf/bin/../xtensa-esp-elf/lib -L/home/luoyunxin/.espressif/tools/xtensa-esp-elf/esp-14.2.0_20240906/xtensa-esp-elf/bin/../xtensa-esp-elf/usr/lib CMakeFiles/cmTC_b91a2.dir/CMakeCCompilerABI.c.obj -lgcc -lc -lnosys -lc -lgcc /home/luoyunxin/.espressif/tools/xtensa-esp-elf/esp-14.2.0_20240906/xtensa-esp-elf/bin/../lib/gcc/xtensa-esp-elf/14.2.0/esp32s3/crtend.o /home/luoyunxin/.espressif/tools/xtensa-esp-elf/esp-14.2.0_20240906/xtensa-esp-elf/bin/../lib/gcc/xtensa-esp-elf/14.2.0/esp32s3/crtn.o]
    arg [/home/luoyunxin/.espressif/tools/xtensa-esp-elf/esp-14.2.0_20240906/xtensa-esp-elf/bin/../libexec/gcc/xtensa-esp-elf/14.2.0/collect2] ==> ignore
    arg [-plugin] ==> ignore
    arg [/home/luoyunxin/.espressif/tools/xtensa-esp-elf/esp-14.2.0_20240906/xtensa-esp-elf/bin/../libexec/gcc/xtensa-esp-elf/14.2.0/liblto_plugin.so] ==> ignore
    arg [-plugin-opt=/home/luoyunxin/.espressif/tools/xtensa-esp-elf/esp-14.2.0_20240906/xtensa-esp-elf/bin/../libexec/gcc/xtensa-esp-elf/14.2.0/lto-wrapper] ==> ignore
    arg [-plugin-opt=-fresolution=/tmp/ccJzYns1.res] ==> ignore
    arg [-plugin-opt=-pass-through=-lgcc] ==> ignore
    arg [-plugin-opt=-pass-through=-lc] ==> ignore
    arg [-plugin-opt=-pass-through=-lnosys] ==> ignore
    arg [-plugin-opt=-pass-through=-lc] ==> ignore
    arg [-plugin-opt=-pass-through=-lgcc] ==> ignore
    arg [--sysroot=/home/luoyunxin/.espressif/tools/xtensa-esp-elf/esp-14.2.0_20240906/xtensa-esp-elf/bin/../xtensa-esp-elf] ==> ignore
    arg [--dynconfig=xtensa_esp32s3.so] ==> ignore
    arg [-o] ==> ignore
    arg [cmTC_b91a2] ==> ignore
    arg [/home/luoyunxin/.espressif/tools/xtensa-esp-elf/esp-14.2.0_20240906/xtensa-esp-elf/bin/../lib/gcc/xtensa-esp-elf/14.2.0/../../../../xtensa-esp-elf/lib/esp32s3/crt0.o] ==> obj [/home/luoyunxin/.espressif/tools/xtensa-esp-elf/esp-14.2.0_20240906/xtensa-esp-elf/bin/../lib/gcc/xtensa-esp-elf/14.2.0/../../../../xtensa-esp-elf/lib/esp32s3/crt0.o]
    arg [/home/luoyunxin/.espressif/tools/xtensa-esp-elf/esp-14.2.0_20240906/xtensa-esp-elf/bin/../lib/gcc/xtensa-esp-elf/14.2.0/esp32s3/crti.o] ==> obj [/home/luoyunxin/.espressif/tools/xtensa-esp-elf/esp-14.2.0_20240906/xtensa-esp-elf/bin/../lib/gcc/xtensa-esp-elf/14.2.0/esp32s3/crti.o]
    arg [/home/luoyunxin/.espressif/tools/xtensa-esp-elf/esp-14.2.0_20240906/xtensa-esp-elf/bin/../lib/gcc/xtensa-esp-elf/14.2.0/esp32s3/crtbegin.o] ==> obj [/home/luoyunxin/.espressif/tools/xtensa-esp-elf/esp-14.2.0_20240906/xtensa-esp-elf/bin/../lib/gcc/xtensa-esp-elf/14.2.0/esp32s3/crtbegin.o]
    arg [-L/home/luoyunxin/.espressif/tools/xtensa-esp-elf/esp-14.2.0_20240906/xtensa-esp-elf/bin/../lib/gcc/xtensa-esp-elf/14.2.0/esp32s3] ==> dir [/home/luoyunxin/.espressif/tools/xtensa-esp-elf/esp-14.2.0_20240906/xtensa-esp-elf/bin/../lib/gcc/xtensa-esp-elf/14.2.0/esp32s3]
    arg [-L/home/luoyunxin/.espressif/tools/xtensa-esp-elf/esp-14.2.0_20240906/xtensa-esp-elf/bin/../lib/gcc/xtensa-esp-elf/14.2.0/../../../../xtensa-esp-elf/lib/esp32s3] ==> dir [/home/luoyunxin/.espressif/tools/xtensa-esp-elf/esp-14.2.0_20240906/xtensa-esp-elf/bin/../lib/gcc/xtensa-esp-elf/14.2.0/../../../../xtensa-esp-elf/lib/esp32s3]
    arg [-L/home/luoyunxin/.espressif/tools/xtensa-esp-elf/esp-14.2.0_20240906/xtensa-esp-elf/bin/../xtensa-esp-elf/lib/esp32s3] ==> dir [/home/luoyunxin/.espressif/tools/xtensa-esp-elf/esp-14.2.0_20240906/xtensa-esp-elf/bin/../xtensa-esp-elf/lib/esp32s3]
    arg [-L/home/luoyunxin/.espressif/tools/xtensa-esp-elf/esp-14.2.0_20240906/xtensa-esp-elf/bin/../lib/gcc/xtensa-esp-elf/14.2.0] ==> dir [/home/luoyunxin/.espressif/tools/xtensa-esp-elf/esp-14.2.0_20240906/xtensa-esp-elf/bin/../lib/gcc/xtensa-esp-elf/14.2.0]
    arg [-L/home/luoyunxin/.espressif/tools/xtensa-esp-elf/esp-14.2.0_20240906/xtensa-esp-elf/bin/../lib/gcc] ==> dir [/home/luoyunxin/.espressif/tools/xtensa-esp-elf/esp-14.2.0_20240906/xtensa-esp-elf/bin/../lib/gcc]
    arg [-L/home/luoyunxin/.espressif/tools/xtensa-esp-elf/esp-14.2.0_20240906/xtensa-esp-elf/bin/../lib/gcc/xtensa-esp-elf/14.2.0/../../../../xtensa-esp-elf/lib] ==> dir [/home/luoyunxin/.espressif/tools/xtensa-esp-elf/esp-14.2.0_20240906/xtensa-esp-elf/bin/../lib/gcc/xtensa-esp-elf/14.2.0/../../../../xtensa-esp-elf/lib]
    arg [-L/home/luoyunxin/.espressif/tools/xtensa-esp-elf/esp-14.2.0_20240906/xtensa-esp-elf/bin/../xtensa-esp-elf/lib] ==> dir [/home/luoyunxin/.espressif/tools/xtensa-esp-elf/esp-14.2.0_20240906/xtensa-esp-elf/bin/../xtensa-esp-elf/lib]
    arg [-L/home/luoyunxin/.espressif/tools/xtensa-esp-elf/esp-14.2.0_20240906/xtensa-esp-elf/bin/../xtensa-esp-elf/usr/lib] ==> dir [/home/luoyunxin/.espressif/tools/xtensa-esp-elf/esp-14.2.0_20240906/xtensa-esp-elf/bin/../xtensa-esp-elf/usr/lib]
    arg [CMakeFiles/cmTC_b91a2.dir/CMakeCCompilerABI.c.obj] ==> ignore
    arg [-lgcc] ==> lib [gcc]
    arg [-lc] ==> lib [c]
    arg [-lnosys] ==> lib [nosys]
    arg [-lc] ==> lib [c]
    arg [-lgcc] ==> lib [gcc]
    arg [/home/luoyunxin/.espressif/tools/xtensa-esp-elf/esp-14.2.0_20240906/xtensa-esp-elf/bin/../lib/gcc/xtensa-esp-elf/14.2.0/esp32s3/crtend.o] ==> obj [/home/luoyunxin/.espressif/tools/xtensa-esp-elf/esp-14.2.0_20240906/xtensa-esp-elf/bin/../lib/gcc/xtensa-esp-elf/14.2.0/esp32s3/crtend.o]
    arg [/home/luoyunxin/.espressif/tools/xtensa-esp-elf/esp-14.2.0_20240906/xtensa-esp-elf/bin/../lib/gcc/xtensa-esp-elf/14.2.0/esp32s3/crtn.o] ==> obj [/home/luoyunxin/.espressif/tools/xtensa-esp-elf/esp-14.2.0_20240906/xtensa-esp-elf/bin/../lib/gcc/xtensa-esp-elf/14.2.0/esp32s3/crtn.o]
  collapse obj [/home/luoyunxin/.espressif/tools/xtensa-esp-elf/esp-14.2.0_20240906/xtensa-esp-elf/bin/../lib/gcc/xtensa-esp-elf/14.2.0/../../../../xtensa-esp-elf/lib/esp32s3/crt0.o] ==> [/home/luoyunxin/.espressif/tools/xtensa-esp-elf/esp-14.2.0_20240906/xtensa-esp-elf/xtensa-esp-elf/lib/esp32s3/crt0.o]
  collapse obj [/home/luoyunxin/.espressif/tools/xtensa-esp-elf/esp-14.2.0_20240906/xtensa-esp-elf/bin/../lib/gcc/xtensa-esp-elf/14.2.0/esp32s3/crti.o] ==> [/home/luoyunxin/.espressif/tools/xtensa-esp-elf/esp-14.2.0_20240906/xtensa-esp-elf/lib/gcc/xtensa-esp-elf/14.2.0/esp32s3/crti.o]
  collapse obj [/home/luoyunxin/.espressif/tools/xtensa-esp-elf/esp-14.2.0_20240906/xtensa-esp-elf/bin/../lib/gcc/xtensa-esp-elf/14.2.0/esp32s3/crtbegin.o] ==> [/home/luoyunxin/.espressif/tools/xtensa-esp-elf/esp-14.2.0_20240906/xtensa-esp-elf/lib/gcc/xtensa-esp-elf/14.2.0/esp32s3/crtbegin.o]
  collapse obj [/home/luoyunxin/.espressif/tools/xtensa-esp-elf/esp-14.2.0_20240906/xtensa-esp-elf/bin/../lib/gcc/xtensa-esp-elf/14.2.0/esp32s3/crtend.o] ==> [/home/luoyunxin/.espressif/tools/xtensa-esp-elf/esp-14.2.0_20240906/xtensa-esp-elf/lib/gcc/xtensa-esp-elf/14.2.0/esp32s3/crtend.o]
  collapse obj [/home/luoyunxin/.espressif/tools/xtensa-esp-elf/esp-14.2.0_20240906/xtensa-esp-elf/bin/../lib/gcc/xtensa-esp-elf/14.2.0/esp32s3/crtn.o] ==> [/home/luoyunxin/.espressif/tools/xtensa-esp-elf/esp-14.2.0_20240906/xtensa-esp-elf/lib/gcc/xtensa-esp-elf/14.2.0/esp32s3/crtn.o]
  collapse library dir [/home/luoyunxin/.espressif/tools/xtensa-esp-elf/esp-14.2.0_20240906/xtensa-esp-elf/bin/../lib/gcc/xtensa-esp-elf/14.2.0/esp32s3] ==> [/home/luoyunxin/.espressif/tools/xtensa-esp-elf/esp-14.2.0_20240906/xtensa-esp-elf/lib/gcc/xtensa-esp-elf/14.2.0/esp32s3]
  collapse library dir [/home/luoyunxin/.espressif/tools/xtensa-esp-elf/esp-14.2.0_20240906/xtensa-esp-elf/bin/../lib/gcc/xtensa-esp-elf/14.2.0/../../../../xtensa-esp-elf/lib/esp32s3] ==> [/home/luoyunxin/.espressif/tools/xtensa-esp-elf/esp-14.2.0_20240906/xtensa-esp-elf/xtensa-esp-elf/lib/esp32s3]
  collapse library dir [/home/luoyunxin/.espressif/tools/xtensa-esp-elf/esp-14.2.0_20240906/xtensa-esp-elf/bin/../xtensa-esp-elf/lib/esp32s3] ==> [/home/luoyunxin/.espressif/tools/xtensa-esp-elf/esp-14.2.0_20240906/xtensa-esp-elf/xtensa-esp-elf/lib/esp32s3]
  collapse library dir [/home/luoyunxin/.espressif/tools/xtensa-esp-elf/esp-14.2.0_20240906/xtensa-esp-elf/bin/../lib/gcc/xtensa-esp-elf/14.2.0] ==> [/home/luoyunxin/.espressif/tools/xtensa-esp-elf/esp-14.2.0_20240906/xtensa-esp-elf/lib/gcc/xtensa-esp-elf/14.2.0]
  collapse library dir [/home/luoyunxin/.espressif/tools/xtensa-esp-elf/esp-14.2.0_20240906/xtensa-esp-elf/bin/../lib/gcc] ==> [/home/luoyunxin/.espressif/tools/xtensa-esp-elf/esp-14.2.0_20240906/xtensa-esp-elf/lib/gcc]
  collapse library dir [/home/luoyunxin/.espressif/tools/xtensa-esp-elf/esp-14.2.0_20240906/xtensa-esp-elf/bin/../lib/gcc/xtensa-esp-elf/14.2.0/../../../../xtensa-esp-elf/lib] ==> [/home/luoyunxin/.espressif/tools/xtensa-esp-elf/esp-14.2.0_20240906/xtensa-esp-elf/xtensa-esp-elf/lib]
  collapse library dir [/home/luoyunxin/.espressif/tools/xtensa-esp-elf/esp-14.2.0_20240906/xtensa-esp-elf/bin/../xtensa-esp-elf/lib] ==> [/home/luoyunxin/.espressif/tools/xtensa-esp-elf/esp-14.2.0_20240906/xtensa-esp-elf/xtensa-esp-elf/lib]
  collapse library dir [/home/luoyunxin/.espressif/tools/xtensa-esp-elf/esp-14.2.0_20240906/xtensa-esp-elf/bin/../xtensa-esp-elf/usr/lib] ==> [/home/luoyunxin/.espressif/tools/xtensa-esp-elf/esp-14.2.0_20240906/xtensa-esp-elf/xtensa-esp-elf/usr/lib]
  implicit libs: [gcc;c;nosys;c;gcc]
  implicit objs: [/home/luoyunxin/.espressif/tools/xtensa-esp-elf/esp-14.2.0_20240906/xtensa-esp-elf/xtensa-esp-elf/lib/esp32s3/crt0.o;/home/luoyunxin/.espressif/tools/xtensa-esp-elf/esp-14.2.0_20240906/xtensa-esp-elf/lib/gcc/xtensa-esp-elf/14.2.0/esp32s3/crti.o;/home/luoyunxin/.espressif/tools/xtensa-esp-elf/esp-14.2.0_20240906/xtensa-esp-elf/lib/gcc/xtensa-esp-elf/14.2.0/esp32s3/crtbegin.o;/home/luoyunxin/.espressif/tools/xtensa-esp-elf/esp-14.2.0_20240906/xtensa-esp-elf/lib/gcc/xtensa-esp-elf/14.2.0/esp32s3/crtend.o;/home/luoyunxin/.espressif/tools/xtensa-esp-elf/esp-14.2.0_20240906/xtensa-esp-elf/lib/gcc/xtensa-esp-elf/14.2.0/esp32s3/crtn.o]
  implicit dirs: [/home/luoyunxin/.espressif/tools/xtensa-esp-elf/esp-14.2.0_20240906/xtensa-esp-elf/lib/gcc/xtensa-esp-elf/14.2.0/esp32s3;/home/luoyunxin/.espressif/tools/xtensa-esp-elf/esp-14.2.0_20240906/xtensa-esp-elf/xtensa-esp-elf/lib/esp32s3;/home/luoyunxin/.espressif/tools/xtensa-esp-elf/esp-14.2.0_20240906/xtensa-esp-elf/lib/gcc/xtensa-esp-elf/14.2.0;/home/luoyunxin/.espressif/tools/xtensa-esp-elf/esp-14.2.0_20240906/xtensa-esp-elf/lib/gcc;/home/luoyunxin/.espressif/tools/xtensa-esp-elf/esp-14.2.0_20240906/xtensa-esp-elf/xtensa-esp-elf/lib;/home/luoyunxin/.espressif/tools/xtensa-esp-elf/esp-14.2.0_20240906/xtensa-esp-elf/xtensa-esp-elf/usr/lib]
  implicit fwks: []


Detecting CXX compiler ABI info compiled with the following output:
Change Dir: /home/luoyunxin/esp/elec_clock_local/build/CMakeFiles/CMakeTmp

Run Build Command(s):/usr/bin/ninja cmTC_6a235 && [1/2] Building CXX object CMakeFiles/cmTC_6a235.dir/CMakeCXXCompilerABI.cpp.obj
Using built-in specs.
COLLECT_GCC=/home/luoyunxin/.espressif/tools/xtensa-esp-elf/esp-14.2.0_20240906/xtensa-esp-elf/bin/xtensa-esp-elf-g++
Target: xtensa-esp-elf
Configured with: /builds/idf/crosstool-NG/.build/xtensa-esp-elf/src/gcc/configure --build=x86_64-build_pc-linux-gnu --host=x86_64-build_pc-linux-gnu --target=xtensa-esp-elf --prefix=/builds/idf/crosstool-NG/builds/xtensa-esp-elf --exec_prefix=/builds/idf/crosstool-NG/builds/xtensa-esp-elf --with-local-prefix=/builds/idf/crosstool-NG/builds/xtensa-esp-elf/xtensa-esp-elf --with-sysroot=/builds/idf/crosstool-NG/builds/xtensa-esp-elf/xtensa-esp-elf --with-native-system-header-dir=/include --with-newlib --enable-threads=no --disable-shared --with-pkgversion='crosstool-NG esp-14.2.0_20240906' --disable-__cxa_atexit --enable-cxx-flags=-ffunction-sections --disable-libgomp --disable-libmudflap --disable-libmpx --disable-libssp --disable-libquadmath --disable-libquadmath-support --disable-libstdcxx-verbose --with-gmp=/builds/idf/crosstool-NG/.build/xtensa-esp-elf/buildtools --with-mpfr=/builds/idf/crosstool-NG/.build/xtensa-esp-elf/buildtools --with-mpc=/builds/idf/crosstool-NG/.build/xtensa-esp-elf/buildtools --with-isl=/builds/idf/crosstool-NG/.build/xtensa-esp-elf/buildtools --enable-lto --enable-target-optspace --without-long-double-128 --disable-nls --enable-multiarch --enable-languages=c,c++ --disable-libstdcxx-verbose --enable-threads=posix --enable-gcov-custom-rtio --enable-libstdcxx-time=yes
Thread model: posix
Supported LTO compression algorithms: zlib zstd
gcc version 14.2.0 (crosstool-NG esp-14.2.0_20240906) 
COLLECT_GCC_OPTIONS='-mdynconfig=xtensa_esp32s3.so' '-mlongcalls' '-fno-builtin-memcpy' '-fno-builtin-memset' '-fno-builtin-bzero' '-fno-builtin-stpcpy' '-fno-builtin-strncpy' '-v' '-o' 'CMakeFiles/cmTC_6a235.dir/CMakeCXXCompilerABI.cpp.obj' '-c' '-dumpdir' 'CMakeFiles/cmTC_6a235.dir/'
 /home/luoyunxin/.espressif/tools/xtensa-esp-elf/esp-14.2.0_20240906/xtensa-esp-elf/bin/../libexec/gcc/xtensa-esp-elf/14.2.0/cc1plus -quiet -v -imultilib esp32s3 -iprefix /home/luoyunxin/.espressif/tools/xtensa-esp-elf/esp-14.2.0_20240906/xtensa-esp-elf/bin/../lib/gcc/xtensa-esp-elf/14.2.0/ -isysroot /home/luoyunxin/.espressif/tools/xtensa-esp-elf/esp-14.2.0_20240906/xtensa-esp-elf/bin/../xtensa-esp-elf /usr/share/cmake-3.22/Modules/CMakeCXXCompilerABI.cpp -quiet -dumpdir CMakeFiles/cmTC_6a235.dir/ -dumpbase CMakeCXXCompilerABI.cpp.cpp -dumpbase-ext .cpp -mdynconfig=xtensa_esp32s3.so -mlongcalls -version -fno-builtin-memcpy -fno-builtin-memset -fno-builtin-bzero -fno-builtin-stpcpy -fno-builtin-strncpy -o /tmp/cc99WOi7.s
GNU C++17 (crosstool-NG esp-14.2.0_20240906) version 14.2.0 (xtensa-esp-elf)
	compiled by GNU C version 4.9.2, GMP version 6.2.1, MPFR version 4.2.1, MPC version 1.2.1, isl version isl-0.26-GMP

GGC heuristics: --param ggc-min-expand=100 --param ggc-min-heapsize=131072
ignoring duplicate directory "/home/luoyunxin/.espressif/tools/xtensa-esp-elf/esp-14.2.0_20240906/xtensa-esp-elf/bin/../lib/gcc/../../lib/gcc/xtensa-esp-elf/14.2.0/../../../../xtensa-esp-elf/include/c++/14.2.0"
ignoring duplicate directory "/home/luoyunxin/.espressif/tools/xtensa-esp-elf/esp-14.2.0_20240906/xtensa-esp-elf/bin/../lib/gcc/../../lib/gcc/xtensa-esp-elf/14.2.0/../../../../xtensa-esp-elf/include/c++/14.2.0/xtensa-esp-elf/esp32s3"
ignoring duplicate directory "/home/luoyunxin/.espressif/tools/xtensa-esp-elf/esp-14.2.0_20240906/xtensa-esp-elf/bin/../lib/gcc/../../lib/gcc/xtensa-esp-elf/14.2.0/../../../../xtensa-esp-elf/include/c++/14.2.0/backward"
ignoring duplicate directory "/home/luoyunxin/.espressif/tools/xtensa-esp-elf/esp-14.2.0_20240906/xtensa-esp-elf/bin/../lib/gcc/../../lib/gcc/xtensa-esp-elf/14.2.0/include"
ignoring nonexistent directory "/home/luoyunxin/.espressif/tools/xtensa-esp-elf/esp-14.2.0_20240906/xtensa-esp-elf/bin/../xtensa-esp-elf/builds/idf/crosstool-NG/builds/xtensa-esp-elf/xtensa-esp-elf/include"
ignoring duplicate directory "/home/luoyunxin/.espressif/tools/xtensa-esp-elf/esp-14.2.0_20240906/xtensa-esp-elf/bin/../lib/gcc/../../lib/gcc/xtensa-esp-elf/14.2.0/include-fixed"
ignoring duplicate directory "/home/luoyunxin/.espressif/tools/xtensa-esp-elf/esp-14.2.0_20240906/xtensa-esp-elf/bin/../lib/gcc/../../lib/gcc/xtensa-esp-elf/14.2.0/../../../../xtensa-esp-elf/include"
ignoring duplicate directory "/home/luoyunxin/.espressif/tools/xtensa-esp-elf/esp-14.2.0_20240906/xtensa-esp-elf/bin/../xtensa-esp-elf/include"
#include "..." search starts here:
#include <...> search starts here:
 /home/luoyunxin/.espressif/tools/xtensa-esp-elf/esp-14.2.0_20240906/xtensa-esp-elf/bin/../lib/gcc/xtensa-esp-elf/14.2.0/../../../../xtensa-esp-elf/include/c++/14.2.0
 /home/luoyunxin/.espressif/tools/xtensa-esp-elf/esp-14.2.0_20240906/xtensa-esp-elf/bin/../lib/gcc/xtensa-esp-elf/14.2.0/../../../../xtensa-esp-elf/include/c++/14.2.0/xtensa-esp-elf/esp32s3
 /home/luoyunxin/.espressif/tools/xtensa-esp-elf/esp-14.2.0_20240906/xtensa-esp-elf/bin/../lib/gcc/xtensa-esp-elf/14.2.0/../../../../xtensa-esp-elf/include/c++/14.2.0/backward
 /home/luoyunxin/.espressif/tools/xtensa-esp-elf/esp-14.2.0_20240906/xtensa-esp-elf/bin/../lib/gcc/xtensa-esp-elf/14.2.0/include
 /home/luoyunxin/.espressif/tools/xtensa-esp-elf/esp-14.2.0_20240906/xtensa-esp-elf/bin/../lib/gcc/xtensa-esp-elf/14.2.0/include-fixed
 /home/luoyunxin/.espressif/tools/xtensa-esp-elf/esp-14.2.0_20240906/xtensa-esp-elf/bin/../lib/gcc/xtensa-esp-elf/14.2.0/../../../../xtensa-esp-elf/include
End of search list.
Compiler executable checksum: a8299525757d1c4ecfaaa6880b6ceb8e
COLLECT_GCC_OPTIONS='-mdynconfig=xtensa_esp32s3.so' '-mlongcalls' '-fno-builtin-memcpy' '-fno-builtin-memset' '-fno-builtin-bzero' '-fno-builtin-stpcpy' '-fno-builtin-strncpy' '-v' '-o' 'CMakeFiles/cmTC_6a235.dir/CMakeCXXCompilerABI.cpp.obj' '-c' '-dumpdir' 'CMakeFiles/cmTC_6a235.dir/'
 /home/luoyunxin/.espressif/tools/xtensa-esp-elf/esp-14.2.0_20240906/xtensa-esp-elf/bin/../lib/gcc/xtensa-esp-elf/14.2.0/../../../../xtensa-esp-elf/bin/as --traditional-format --longcalls --dynconfig=xtensa_esp32s3.so -o CMakeFiles/cmTC_6a235.dir/CMakeCXXCompilerABI.cpp.obj /tmp/cc99WOi7.s
COMPILER_PATH=/home/luoyunxin/.espressif/tools/xtensa-esp-elf/esp-14.2.0_20240906/xtensa-esp-elf/bin/../libexec/gcc/xtensa-esp-elf/14.2.0/:/home/luoyunxin/.espressif/tools/xtensa-esp-elf/esp-14.2.0_20240906/xtensa-esp-elf/bin/../libexec/gcc/:/home/luoyunxin/.espressif/tools/xtensa-esp-elf/esp-14.2.0_20240906/xtensa-esp-elf/bin/../lib/gcc/xtensa-esp-elf/14.2.0/../../../../xtensa-esp-elf/bin/
LIBRARY_PATH=/home/luoyunxin/.espressif/tools/xtensa-esp-elf/esp-14.2.0_20240906/xtensa-esp-elf/bin/../lib/gcc/xtensa-esp-elf/14.2.0/esp32s3/:/home/luoyunxin/.espressif/tools/xtensa-esp-elf/esp-14.2.0_20240906/xtensa-esp-elf/bin/../lib/gcc/xtensa-esp-elf/14.2.0/../../../../xtensa-esp-elf/lib/esp32s3/:/home/luoyunxin/.espressif/tools/xtensa-esp-elf/esp-14.2.0_20240906/xtensa-esp-elf/bin/../xtensa-esp-elf/lib/esp32s3/:/home/luoyunxin/.espressif/tools/xtensa-esp-elf/esp-14.2.0_20240906/xtensa-esp-elf/bin/../lib/gcc/xtensa-esp-elf/14.2.0/:/home/luoyunxin/.espressif/tools/xtensa-esp-elf/esp-14.2.0_20240906/xtensa-esp-elf/bin/../lib/gcc/:/home/luoyunxin/.espressif/tools/xtensa-esp-elf/esp-14.2.0_20240906/xtensa-esp-elf/bin/../lib/gcc/xtensa-esp-elf/14.2.0/../../../../xtensa-esp-elf/lib/:/home/luoyunxin/.espressif/tools/xtensa-esp-elf/esp-14.2.0_20240906/xtensa-esp-elf/bin/../xtensa-esp-elf/lib/:/home/luoyunxin/.espressif/tools/xtensa-esp-elf/esp-14.2.0_20240906/xtensa-esp-elf/bin/../xtensa-esp-elf/usr/lib/
COLLECT_GCC_OPTIONS='-mdynconfig=xtensa_esp32s3.so' '-mlongcalls' '-fno-builtin-memcpy' '-fno-builtin-memset' '-fno-builtin-bzero' '-fno-builtin-stpcpy' '-fno-builtin-strncpy' '-v' '-o' 'CMakeFiles/cmTC_6a235.dir/CMakeCXXCompilerABI.cpp.obj' '-c' '-dumpdir' 'CMakeFiles/cmTC_6a235.dir/CMakeCXXCompilerABI.cpp.'
[2/2] Linking CXX executable cmTC_6a235
Using built-in specs.
COLLECT_GCC=/home/luoyunxin/.espressif/tools/xtensa-esp-elf/esp-14.2.0_20240906/xtensa-esp-elf/bin/xtensa-esp-elf-g++
COLLECT_LTO_WRAPPER=/home/luoyunxin/.espressif/tools/xtensa-esp-elf/esp-14.2.0_20240906/xtensa-esp-elf/bin/../libexec/gcc/xtensa-esp-elf/14.2.0/lto-wrapper
Target: xtensa-esp-elf
Configured with: /builds/idf/crosstool-NG/.build/xtensa-esp-elf/src/gcc/configure --build=x86_64-build_pc-linux-gnu --host=x86_64-build_pc-linux-gnu --target=xtensa-esp-elf --prefix=/builds/idf/crosstool-NG/builds/xtensa-esp-elf --exec_prefix=/builds/idf/crosstool-NG/builds/xtensa-esp-elf --with-local-prefix=/builds/idf/crosstool-NG/builds/xtensa-esp-elf/xtensa-esp-elf --with-sysroot=/builds/idf/crosstool-NG/builds/xtensa-esp-elf/xtensa-esp-elf --with-native-system-header-dir=/include --with-newlib --enable-threads=no --disable-shared --with-pkgversion='crosstool-NG esp-14.2.0_20240906' --disable-__cxa_atexit --enable-cxx-flags=-ffunction-sections --disable-libgomp --disable-libmudflap --disable-libmpx --disable-libssp --disable-libquadmath --disable-libquadmath-support --disable-libstdcxx-verbose --with-gmp=/builds/idf/crosstool-NG/.build/xtensa-esp-elf/buildtools --with-mpfr=/builds/idf/crosstool-NG/.build/xtensa-esp-elf/buildtools --with-mpc=/builds/idf/crosstool-NG/.build/xtensa-esp-elf/buildtools --with-isl=/builds/idf/crosstool-NG/.build/xtensa-esp-elf/buildtools --enable-lto --enable-target-optspace --without-long-double-128 --disable-nls --enable-multiarch --enable-languages=c,c++ --disable-libstdcxx-verbose --enable-threads=posix --enable-gcov-custom-rtio --enable-libstdcxx-time=yes
Thread model: posix
Supported LTO compression algorithms: zlib zstd
gcc version 14.2.0 (crosstool-NG esp-14.2.0_20240906) 
COMPILER_PATH=/home/luoyunxin/.espressif/tools/xtensa-esp-elf/esp-14.2.0_20240906/xtensa-esp-elf/bin/../libexec/gcc/xtensa-esp-elf/14.2.0/:/home/luoyunxin/.espressif/tools/xtensa-esp-elf/esp-14.2.0_20240906/xtensa-esp-elf/bin/../libexec/gcc/:/home/luoyunxin/.espressif/tools/xtensa-esp-elf/esp-14.2.0_20240906/xtensa-esp-elf/bin/../lib/gcc/xtensa-esp-elf/14.2.0/../../../../xtensa-esp-elf/bin/
LIBRARY_PATH=/home/luoyunxin/.espressif/tools/xtensa-esp-elf/esp-14.2.0_20240906/xtensa-esp-elf/bin/../lib/gcc/xtensa-esp-elf/14.2.0/esp32s3/:/home/luoyunxin/.espressif/tools/xtensa-esp-elf/esp-14.2.0_20240906/xtensa-esp-elf/bin/../lib/gcc/xtensa-esp-elf/14.2.0/../../../../xtensa-esp-elf/lib/esp32s3/:/home/luoyunxin/.espressif/tools/xtensa-esp-elf/esp-14.2.0_20240906/xtensa-esp-elf/bin/../xtensa-esp-elf/lib/esp32s3/:/home/luoyunxin/.espressif/tools/xtensa-esp-elf/esp-14.2.0_20240906/xtensa-esp-elf/bin/../lib/gcc/xtensa-esp-elf/14.2.0/:/home/luoyunxin/.espressif/tools/xtensa-esp-elf/esp-14.2.0_20240906/xtensa-esp-elf/bin/../lib/gcc/:/home/luoyunxin/.espressif/tools/xtensa-esp-elf/esp-14.2.0_20240906/xtensa-esp-elf/bin/../lib/gcc/xtensa-esp-elf/14.2.0/../../../../xtensa-esp-elf/lib/:/home/luoyunxin/.espressif/tools/xtensa-esp-elf/esp-14.2.0_20240906/xtensa-esp-elf/bin/../xtensa-esp-elf/lib/:/home/luoyunxin/.espressif/tools/xtensa-esp-elf/esp-14.2.0_20240906/xtensa-esp-elf/bin/../xtensa-esp-elf/usr/lib/
COLLECT_GCC_OPTIONS='-mdynconfig=xtensa_esp32s3.so' '-mlongcalls' '-fno-builtin-memcpy' '-fno-builtin-memset' '-fno-builtin-bzero' '-fno-builtin-stpcpy' '-fno-builtin-strncpy' '-v' '-o' 'cmTC_6a235' '-dumpdir' 'cmTC_6a235.'
 /home/luoyunxin/.espressif/tools/xtensa-esp-elf/esp-14.2.0_20240906/xtensa-esp-elf/bin/../libexec/gcc/xtensa-esp-elf/14.2.0/collect2 -plugin /home/luoyunxin/.espressif/tools/xtensa-esp-elf/esp-14.2.0_20240906/xtensa-esp-elf/bin/../libexec/gcc/xtensa-esp-elf/14.2.0/liblto_plugin.so -plugin-opt=/home/luoyunxin/.espressif/tools/xtensa-esp-elf/esp-14.2.0_20240906/xtensa-esp-elf/bin/../libexec/gcc/xtensa-esp-elf/14.2.0/lto-wrapper -plugin-opt=-fresolution=/tmp/ccc5PXRf.res -plugin-opt=-pass-through=-lgcc -plugin-opt=-pass-through=-lc -plugin-opt=-pass-through=-lnosys -plugin-opt=-pass-through=-lc -plugin-opt=-pass-through=-lgcc --sysroot=/home/luoyunxin/.espressif/tools/xtensa-esp-elf/esp-14.2.0_20240906/xtensa-esp-elf/bin/../xtensa-esp-elf --dynconfig=xtensa_esp32s3.so -o cmTC_6a235 /home/luoyunxin/.espressif/tools/xtensa-esp-elf/esp-14.2.0_20240906/xtensa-esp-elf/bin/../lib/gcc/xtensa-esp-elf/14.2.0/../../../../xtensa-esp-elf/lib/esp32s3/crt0.o /home/luoyunxin/.espressif/tools/xtensa-esp-elf/esp-14.2.0_20240906/xtensa-esp-elf/bin/../lib/gcc/xtensa-esp-elf/14.2.0/esp32s3/crti.o /home/luoyunxin/.espressif/tools/xtensa-esp-elf/esp-14.2.0_20240906/xtensa-esp-elf/bin/../lib/gcc/xtensa-esp-elf/14.2.0/esp32s3/crtbegin.o -L/home/luoyunxin/.espressif/tools/xtensa-esp-elf/esp-14.2.0_20240906/xtensa-esp-elf/bin/../lib/gcc/xtensa-esp-elf/14.2.0/esp32s3 -L/home/luoyunxin/.espressif/tools/xtensa-esp-elf/esp-14.2.0_20240906/xtensa-esp-elf/bin/../lib/gcc/xtensa-esp-elf/14.2.0/../../../../xtensa-esp-elf/lib/esp32s3 -L/home/luoyunxin/.espressif/tools/xtensa-esp-elf/esp-14.2.0_20240906/xtensa-esp-elf/bin/../xtensa-esp-elf/lib/esp32s3 -L/home/luoyunxin/.espressif/tools/xtensa-esp-elf/esp-14.2.0_20240906/xtensa-esp-elf/bin/../lib/gcc/xtensa-esp-elf/14.2.0 -L/home/luoyunxin/.espressif/tools/xtensa-esp-elf/esp-14.2.0_20240906/xtensa-esp-elf/bin/../lib/gcc -L/home/luoyunxin/.espressif/tools/xtensa-esp-elf/esp-14.2.0_20240906/xtensa-esp-elf/bin/../lib/gcc/xtensa-esp-elf/14.2.0/../../../../xtensa-esp-elf/lib -L/home/luoyunxin/.espressif/tools/xtensa-esp-elf/esp-14.2.0_20240906/xtensa-esp-elf/bin/../xtensa-esp-elf/lib -L/home/luoyunxin/.espressif/tools/xtensa-esp-elf/esp-14.2.0_20240906/xtensa-esp-elf/bin/../xtensa-esp-elf/usr/lib CMakeFiles/cmTC_6a235.dir/CMakeCXXCompilerABI.cpp.obj -lstdc++ -lm -lgcc -lc -lnosys -lc -lgcc /home/luoyunxin/.espressif/tools/xtensa-esp-elf/esp-14.2.0_20240906/xtensa-esp-elf/bin/../lib/gcc/xtensa-esp-elf/14.2.0/esp32s3/crtend.o /home/luoyunxin/.espressif/tools/xtensa-esp-elf/esp-14.2.0_20240906/xtensa-esp-elf/bin/../lib/gcc/xtensa-esp-elf/14.2.0/esp32s3/crtn.o
COLLECT_GCC_OPTIONS='-mdynconfig=xtensa_esp32s3.so' '-mlongcalls' '-fno-builtin-memcpy' '-fno-builtin-memset' '-fno-builtin-bzero' '-fno-builtin-stpcpy' '-fno-builtin-strncpy' '-v' '-o' 'cmTC_6a235' '-dumpdir' 'cmTC_6a235.'



Parsed CXX implicit include dir info from above output: rv=done
  found start of include info
  found start of implicit include info
    add: [/home/luoyunxin/.espressif/tools/xtensa-esp-elf/esp-14.2.0_20240906/xtensa-esp-elf/bin/../lib/gcc/xtensa-esp-elf/14.2.0/../../../../xtensa-esp-elf/include/c++/14.2.0]
    add: [/home/luoyunxin/.espressif/tools/xtensa-esp-elf/esp-14.2.0_20240906/xtensa-esp-elf/bin/../lib/gcc/xtensa-esp-elf/14.2.0/../../../../xtensa-esp-elf/include/c++/14.2.0/xtensa-esp-elf/esp32s3]
    add: [/home/luoyunxin/.espressif/tools/xtensa-esp-elf/esp-14.2.0_20240906/xtensa-esp-elf/bin/../lib/gcc/xtensa-esp-elf/14.2.0/../../../../xtensa-esp-elf/include/c++/14.2.0/backward]
    add: [/home/luoyunxin/.espressif/tools/xtensa-esp-elf/esp-14.2.0_20240906/xtensa-esp-elf/bin/../lib/gcc/xtensa-esp-elf/14.2.0/include]
    add: [/home/luoyunxin/.espressif/tools/xtensa-esp-elf/esp-14.2.0_20240906/xtensa-esp-elf/bin/../lib/gcc/xtensa-esp-elf/14.2.0/include-fixed]
    add: [/home/luoyunxin/.espressif/tools/xtensa-esp-elf/esp-14.2.0_20240906/xtensa-esp-elf/bin/../lib/gcc/xtensa-esp-elf/14.2.0/../../../../xtensa-esp-elf/include]
  end of search list found
  collapse include dir [/home/luoyunxin/.espressif/tools/xtensa-esp-elf/esp-14.2.0_20240906/xtensa-esp-elf/bin/../lib/gcc/xtensa-esp-elf/14.2.0/../../../../xtensa-esp-elf/include/c++/14.2.0] ==> [/home/luoyunxin/.espressif/tools/xtensa-esp-elf/esp-14.2.0_20240906/xtensa-esp-elf/xtensa-esp-elf/include/c++/14.2.0]
  collapse include dir [/home/luoyunxin/.espressif/tools/xtensa-esp-elf/esp-14.2.0_20240906/xtensa-esp-elf/bin/../lib/gcc/xtensa-esp-elf/14.2.0/../../../../xtensa-esp-elf/include/c++/14.2.0/xtensa-esp-elf/esp32s3] ==> [/home/luoyunxin/.espressif/tools/xtensa-esp-elf/esp-14.2.0_20240906/xtensa-esp-elf/xtensa-esp-elf/include/c++/14.2.0/xtensa-esp-elf/esp32s3]
  collapse include dir [/home/luoyunxin/.espressif/tools/xtensa-esp-elf/esp-14.2.0_20240906/xtensa-esp-elf/bin/../lib/gcc/xtensa-esp-elf/14.2.0/../../../../xtensa-esp-elf/include/c++/14.2.0/backward] ==> [/home/luoyunxin/.espressif/tools/xtensa-esp-elf/esp-14.2.0_20240906/xtensa-esp-elf/xtensa-esp-elf/include/c++/14.2.0/backward]
  collapse include dir [/home/luoyunxin/.espressif/tools/xtensa-esp-elf/esp-14.2.0_20240906/xtensa-esp-elf/bin/../lib/gcc/xtensa-esp-elf/14.2.0/include] ==> [/home/luoyunxin/.espressif/tools/xtensa-esp-elf/esp-14.2.0_20240906/xtensa-esp-elf/lib/gcc/xtensa-esp-elf/14.2.0/include]
  collapse include dir [/home/luoyunxin/.espressif/tools/xtensa-esp-elf/esp-14.2.0_20240906/xtensa-esp-elf/bin/../lib/gcc/xtensa-esp-elf/14.2.0/include-fixed] ==> [/home/luoyunxin/.espressif/tools/xtensa-esp-elf/esp-14.2.0_20240906/xtensa-esp-elf/lib/gcc/xtensa-esp-elf/14.2.0/include-fixed]
  collapse include dir [/home/luoyunxin/.espressif/tools/xtensa-esp-elf/esp-14.2.0_20240906/xtensa-esp-elf/bin/../lib/gcc/xtensa-esp-elf/14.2.0/../../../../xtensa-esp-elf/include] ==> [/home/luoyunxin/.espressif/tools/xtensa-esp-elf/esp-14.2.0_20240906/xtensa-esp-elf/xtensa-esp-elf/include]
  implicit include dirs: [/home/luoyunxin/.espressif/tools/xtensa-esp-elf/esp-14.2.0_20240906/xtensa-esp-elf/xtensa-esp-elf/include/c++/14.2.0;/home/luoyunxin/.espressif/tools/xtensa-esp-elf/esp-14.2.0_20240906/xtensa-esp-elf/xtensa-esp-elf/include/c++/14.2.0/xtensa-esp-elf/esp32s3;/home/luoyunxin/.espressif/tools/xtensa-esp-elf/esp-14.2.0_20240906/xtensa-esp-elf/xtensa-esp-elf/include/c++/14.2.0/backward;/home/luoyunxin/.espressif/tools/xtensa-esp-elf/esp-14.2.0_20240906/xtensa-esp-elf/lib/gcc/xtensa-esp-elf/14.2.0/include;/home/luoyunxin/.espressif/tools/xtensa-esp-elf/esp-14.2.0_20240906/xtensa-esp-elf/lib/gcc/xtensa-esp-elf/14.2.0/include-fixed;/home/luoyunxin/.espressif/tools/xtensa-esp-elf/esp-14.2.0_20240906/xtensa-esp-elf/xtensa-esp-elf/include]


Parsed CXX implicit link information from above output:
  link line regex: [^( *|.*[/\])(xtensa-esp32s3-elf-ld|CMAKE_LINK_STARTFILE-NOTFOUND|([^/\]+-)?ld|collect2)[^/\]*( |$)]
  ignore line: [Change Dir: /home/luoyunxin/esp/elec_clock_local/build/CMakeFiles/CMakeTmp]
  ignore line: []
  ignore line: [Run Build Command(s):/usr/bin/ninja cmTC_6a235 && [1/2] Building CXX object CMakeFiles/cmTC_6a235.dir/CMakeCXXCompilerABI.cpp.obj]
  ignore line: [Using built-in specs.]
  ignore line: [COLLECT_GCC=/home/luoyunxin/.espressif/tools/xtensa-esp-elf/esp-14.2.0_20240906/xtensa-esp-elf/bin/xtensa-esp-elf-g++]
  ignore line: [Target: xtensa-esp-elf]
  ignore line: [Configured with: /builds/idf/crosstool-NG/.build/xtensa-esp-elf/src/gcc/configure --build=x86_64-build_pc-linux-gnu --host=x86_64-build_pc-linux-gnu --target=xtensa-esp-elf --prefix=/builds/idf/crosstool-NG/builds/xtensa-esp-elf --exec_prefix=/builds/idf/crosstool-NG/builds/xtensa-esp-elf --with-local-prefix=/builds/idf/crosstool-NG/builds/xtensa-esp-elf/xtensa-esp-elf --with-sysroot=/builds/idf/crosstool-NG/builds/xtensa-esp-elf/xtensa-esp-elf --with-native-system-header-dir=/include --with-newlib --enable-threads=no --disable-shared --with-pkgversion='crosstool-NG esp-14.2.0_20240906' --disable-__cxa_atexit --enable-cxx-flags=-ffunction-sections --disable-libgomp --disable-libmudflap --disable-libmpx --disable-libssp --disable-libquadmath --disable-libquadmath-support --disable-libstdcxx-verbose --with-gmp=/builds/idf/crosstool-NG/.build/xtensa-esp-elf/buildtools --with-mpfr=/builds/idf/crosstool-NG/.build/xtensa-esp-elf/buildtools --with-mpc=/builds/idf/crosstool-NG/.build/xtensa-esp-elf/buildtools --with-isl=/builds/idf/crosstool-NG/.build/xtensa-esp-elf/buildtools --enable-lto --enable-target-optspace --without-long-double-128 --disable-nls --enable-multiarch --enable-languages=c c++ --disable-libstdcxx-verbose --enable-threads=posix --enable-gcov-custom-rtio --enable-libstdcxx-time=yes]
  ignore line: [Thread model: posix]
  ignore line: [Supported LTO compression algorithms: zlib zstd]
  ignore line: [gcc version 14.2.0 (crosstool-NG esp-14.2.0_20240906) ]
  ignore line: [COLLECT_GCC_OPTIONS='-mdynconfig=xtensa_esp32s3.so' '-mlongcalls' '-fno-builtin-memcpy' '-fno-builtin-memset' '-fno-builtin-bzero' '-fno-builtin-stpcpy' '-fno-builtin-strncpy' '-v' '-o' 'CMakeFiles/cmTC_6a235.dir/CMakeCXXCompilerABI.cpp.obj' '-c' '-dumpdir' 'CMakeFiles/cmTC_6a235.dir/']
  ignore line: [ /home/luoyunxin/.espressif/tools/xtensa-esp-elf/esp-14.2.0_20240906/xtensa-esp-elf/bin/../libexec/gcc/xtensa-esp-elf/14.2.0/cc1plus -quiet -v -imultilib esp32s3 -iprefix /home/luoyunxin/.espressif/tools/xtensa-esp-elf/esp-14.2.0_20240906/xtensa-esp-elf/bin/../lib/gcc/xtensa-esp-elf/14.2.0/ -isysroot /home/luoyunxin/.espressif/tools/xtensa-esp-elf/esp-14.2.0_20240906/xtensa-esp-elf/bin/../xtensa-esp-elf /usr/share/cmake-3.22/Modules/CMakeCXXCompilerABI.cpp -quiet -dumpdir CMakeFiles/cmTC_6a235.dir/ -dumpbase CMakeCXXCompilerABI.cpp.cpp -dumpbase-ext .cpp -mdynconfig=xtensa_esp32s3.so -mlongcalls -version -fno-builtin-memcpy -fno-builtin-memset -fno-builtin-bzero -fno-builtin-stpcpy -fno-builtin-strncpy -o /tmp/cc99WOi7.s]
  ignore line: [GNU C++17 (crosstool-NG esp-14.2.0_20240906) version 14.2.0 (xtensa-esp-elf)]
  ignore line: [	compiled by GNU C version 4.9.2  GMP version 6.2.1  MPFR version 4.2.1  MPC version 1.2.1  isl version isl-0.26-GMP]
  ignore line: []
  ignore line: [GGC heuristics: --param ggc-min-expand=100 --param ggc-min-heapsize=131072]
  ignore line: [ignoring duplicate directory "/home/luoyunxin/.espressif/tools/xtensa-esp-elf/esp-14.2.0_20240906/xtensa-esp-elf/bin/../lib/gcc/../../lib/gcc/xtensa-esp-elf/14.2.0/../../../../xtensa-esp-elf/include/c++/14.2.0"]
  ignore line: [ignoring duplicate directory "/home/luoyunxin/.espressif/tools/xtensa-esp-elf/esp-14.2.0_20240906/xtensa-esp-elf/bin/../lib/gcc/../../lib/gcc/xtensa-esp-elf/14.2.0/../../../../xtensa-esp-elf/include/c++/14.2.0/xtensa-esp-elf/esp32s3"]
  ignore line: [ignoring duplicate directory "/home/luoyunxin/.espressif/tools/xtensa-esp-elf/esp-14.2.0_20240906/xtensa-esp-elf/bin/../lib/gcc/../../lib/gcc/xtensa-esp-elf/14.2.0/../../../../xtensa-esp-elf/include/c++/14.2.0/backward"]
  ignore line: [ignoring duplicate directory "/home/luoyunxin/.espressif/tools/xtensa-esp-elf/esp-14.2.0_20240906/xtensa-esp-elf/bin/../lib/gcc/../../lib/gcc/xtensa-esp-elf/14.2.0/include"]
  ignore line: [ignoring nonexistent directory "/home/luoyunxin/.espressif/tools/xtensa-esp-elf/esp-14.2.0_20240906/xtensa-esp-elf/bin/../xtensa-esp-elf/builds/idf/crosstool-NG/builds/xtensa-esp-elf/xtensa-esp-elf/include"]
  ignore line: [ignoring duplicate directory "/home/luoyunxin/.espressif/tools/xtensa-esp-elf/esp-14.2.0_20240906/xtensa-esp-elf/bin/../lib/gcc/../../lib/gcc/xtensa-esp-elf/14.2.0/include-fixed"]
  ignore line: [ignoring duplicate directory "/home/luoyunxin/.espressif/tools/xtensa-esp-elf/esp-14.2.0_20240906/xtensa-esp-elf/bin/../lib/gcc/../../lib/gcc/xtensa-esp-elf/14.2.0/../../../../xtensa-esp-elf/include"]
  ignore line: [ignoring duplicate directory "/home/luoyunxin/.espressif/tools/xtensa-esp-elf/esp-14.2.0_20240906/xtensa-esp-elf/bin/../xtensa-esp-elf/include"]
  ignore line: [#include "..." search starts here:]
  ignore line: [#include <...> search starts here:]
  ignore line: [ /home/luoyunxin/.espressif/tools/xtensa-esp-elf/esp-14.2.0_20240906/xtensa-esp-elf/bin/../lib/gcc/xtensa-esp-elf/14.2.0/../../../../xtensa-esp-elf/include/c++/14.2.0]
  ignore line: [ /home/luoyunxin/.espressif/tools/xtensa-esp-elf/esp-14.2.0_20240906/xtensa-esp-elf/bin/../lib/gcc/xtensa-esp-elf/14.2.0/../../../../xtensa-esp-elf/include/c++/14.2.0/xtensa-esp-elf/esp32s3]
  ignore line: [ /home/luoyunxin/.espressif/tools/xtensa-esp-elf/esp-14.2.0_20240906/xtensa-esp-elf/bin/../lib/gcc/xtensa-esp-elf/14.2.0/../../../../xtensa-esp-elf/include/c++/14.2.0/backward]
  ignore line: [ /home/luoyunxin/.espressif/tools/xtensa-esp-elf/esp-14.2.0_20240906/xtensa-esp-elf/bin/../lib/gcc/xtensa-esp-elf/14.2.0/include]
  ignore line: [ /home/luoyunxin/.espressif/tools/xtensa-esp-elf/esp-14.2.0_20240906/xtensa-esp-elf/bin/../lib/gcc/xtensa-esp-elf/14.2.0/include-fixed]
  ignore line: [ /home/luoyunxin/.espressif/tools/xtensa-esp-elf/esp-14.2.0_20240906/xtensa-esp-elf/bin/../lib/gcc/xtensa-esp-elf/14.2.0/../../../../xtensa-esp-elf/include]
  ignore line: [End of search list.]
  ignore line: [Compiler executable checksum: a8299525757d1c4ecfaaa6880b6ceb8e]
  ignore line: [COLLECT_GCC_OPTIONS='-mdynconfig=xtensa_esp32s3.so' '-mlongcalls' '-fno-builtin-memcpy' '-fno-builtin-memset' '-fno-builtin-bzero' '-fno-builtin-stpcpy' '-fno-builtin-strncpy' '-v' '-o' 'CMakeFiles/cmTC_6a235.dir/CMakeCXXCompilerABI.cpp.obj' '-c' '-dumpdir' 'CMakeFiles/cmTC_6a235.dir/']
  ignore line: [ /home/luoyunxin/.espressif/tools/xtensa-esp-elf/esp-14.2.0_20240906/xtensa-esp-elf/bin/../lib/gcc/xtensa-esp-elf/14.2.0/../../../../xtensa-esp-elf/bin/as --traditional-format --longcalls --dynconfig=xtensa_esp32s3.so -o CMakeFiles/cmTC_6a235.dir/CMakeCXXCompilerABI.cpp.obj /tmp/cc99WOi7.s]
  ignore line: [COMPILER_PATH=/home/luoyunxin/.espressif/tools/xtensa-esp-elf/esp-14.2.0_20240906/xtensa-esp-elf/bin/../libexec/gcc/xtensa-esp-elf/14.2.0/:/home/luoyunxin/.espressif/tools/xtensa-esp-elf/esp-14.2.0_20240906/xtensa-esp-elf/bin/../libexec/gcc/:/home/luoyunxin/.espressif/tools/xtensa-esp-elf/esp-14.2.0_20240906/xtensa-esp-elf/bin/../lib/gcc/xtensa-esp-elf/14.2.0/../../../../xtensa-esp-elf/bin/]
  ignore line: [LIBRARY_PATH=/home/luoyunxin/.espressif/tools/xtensa-esp-elf/esp-14.2.0_20240906/xtensa-esp-elf/bin/../lib/gcc/xtensa-esp-elf/14.2.0/esp32s3/:/home/luoyunxin/.espressif/tools/xtensa-esp-elf/esp-14.2.0_20240906/xtensa-esp-elf/bin/../lib/gcc/xtensa-esp-elf/14.2.0/../../../../xtensa-esp-elf/lib/esp32s3/:/home/luoyunxin/.espressif/tools/xtensa-esp-elf/esp-14.2.0_20240906/xtensa-esp-elf/bin/../xtensa-esp-elf/lib/esp32s3/:/home/luoyunxin/.espressif/tools/xtensa-esp-elf/esp-14.2.0_20240906/xtensa-esp-elf/bin/../lib/gcc/xtensa-esp-elf/14.2.0/:/home/luoyunxin/.espressif/tools/xtensa-esp-elf/esp-14.2.0_20240906/xtensa-esp-elf/bin/../lib/gcc/:/home/luoyunxin/.espressif/tools/xtensa-esp-elf/esp-14.2.0_20240906/xtensa-esp-elf/bin/../lib/gcc/xtensa-esp-elf/14.2.0/../../../../xtensa-esp-elf/lib/:/home/luoyunxin/.espressif/tools/xtensa-esp-elf/esp-14.2.0_20240906/xtensa-esp-elf/bin/../xtensa-esp-elf/lib/:/home/luoyunxin/.espressif/tools/xtensa-esp-elf/esp-14.2.0_20240906/xtensa-esp-elf/bin/../xtensa-esp-elf/usr/lib/]
  ignore line: [COLLECT_GCC_OPTIONS='-mdynconfig=xtensa_esp32s3.so' '-mlongcalls' '-fno-builtin-memcpy' '-fno-builtin-memset' '-fno-builtin-bzero' '-fno-builtin-stpcpy' '-fno-builtin-strncpy' '-v' '-o' 'CMakeFiles/cmTC_6a235.dir/CMakeCXXCompilerABI.cpp.obj' '-c' '-dumpdir' 'CMakeFiles/cmTC_6a235.dir/CMakeCXXCompilerABI.cpp.']
  ignore line: [[2/2] Linking CXX executable cmTC_6a235]
  ignore line: [Using built-in specs.]
  ignore line: [COLLECT_GCC=/home/luoyunxin/.espressif/tools/xtensa-esp-elf/esp-14.2.0_20240906/xtensa-esp-elf/bin/xtensa-esp-elf-g++]
  ignore line: [COLLECT_LTO_WRAPPER=/home/luoyunxin/.espressif/tools/xtensa-esp-elf/esp-14.2.0_20240906/xtensa-esp-elf/bin/../libexec/gcc/xtensa-esp-elf/14.2.0/lto-wrapper]
  ignore line: [Target: xtensa-esp-elf]
  ignore line: [Configured with: /builds/idf/crosstool-NG/.build/xtensa-esp-elf/src/gcc/configure --build=x86_64-build_pc-linux-gnu --host=x86_64-build_pc-linux-gnu --target=xtensa-esp-elf --prefix=/builds/idf/crosstool-NG/builds/xtensa-esp-elf --exec_prefix=/builds/idf/crosstool-NG/builds/xtensa-esp-elf --with-local-prefix=/builds/idf/crosstool-NG/builds/xtensa-esp-elf/xtensa-esp-elf --with-sysroot=/builds/idf/crosstool-NG/builds/xtensa-esp-elf/xtensa-esp-elf --with-native-system-header-dir=/include --with-newlib --enable-threads=no --disable-shared --with-pkgversion='crosstool-NG esp-14.2.0_20240906' --disable-__cxa_atexit --enable-cxx-flags=-ffunction-sections --disable-libgomp --disable-libmudflap --disable-libmpx --disable-libssp --disable-libquadmath --disable-libquadmath-support --disable-libstdcxx-verbose --with-gmp=/builds/idf/crosstool-NG/.build/xtensa-esp-elf/buildtools --with-mpfr=/builds/idf/crosstool-NG/.build/xtensa-esp-elf/buildtools --with-mpc=/builds/idf/crosstool-NG/.build/xtensa-esp-elf/buildtools --with-isl=/builds/idf/crosstool-NG/.build/xtensa-esp-elf/buildtools --enable-lto --enable-target-optspace --without-long-double-128 --disable-nls --enable-multiarch --enable-languages=c c++ --disable-libstdcxx-verbose --enable-threads=posix --enable-gcov-custom-rtio --enable-libstdcxx-time=yes]
  ignore line: [Thread model: posix]
  ignore line: [Supported LTO compression algorithms: zlib zstd]
  ignore line: [gcc version 14.2.0 (crosstool-NG esp-14.2.0_20240906) ]
  ignore line: [COMPILER_PATH=/home/luoyunxin/.espressif/tools/xtensa-esp-elf/esp-14.2.0_20240906/xtensa-esp-elf/bin/../libexec/gcc/xtensa-esp-elf/14.2.0/:/home/luoyunxin/.espressif/tools/xtensa-esp-elf/esp-14.2.0_20240906/xtensa-esp-elf/bin/../libexec/gcc/:/home/luoyunxin/.espressif/tools/xtensa-esp-elf/esp-14.2.0_20240906/xtensa-esp-elf/bin/../lib/gcc/xtensa-esp-elf/14.2.0/../../../../xtensa-esp-elf/bin/]
  ignore line: [LIBRARY_PATH=/home/luoyunxin/.espressif/tools/xtensa-esp-elf/esp-14.2.0_20240906/xtensa-esp-elf/bin/../lib/gcc/xtensa-esp-elf/14.2.0/esp32s3/:/home/luoyunxin/.espressif/tools/xtensa-esp-elf/esp-14.2.0_20240906/xtensa-esp-elf/bin/../lib/gcc/xtensa-esp-elf/14.2.0/../../../../xtensa-esp-elf/lib/esp32s3/:/home/luoyunxin/.espressif/tools/xtensa-esp-elf/esp-14.2.0_20240906/xtensa-esp-elf/bin/../xtensa-esp-elf/lib/esp32s3/:/home/luoyunxin/.espressif/tools/xtensa-esp-elf/esp-14.2.0_20240906/xtensa-esp-elf/bin/../lib/gcc/xtensa-esp-elf/14.2.0/:/home/luoyunxin/.espressif/tools/xtensa-esp-elf/esp-14.2.0_20240906/xtensa-esp-elf/bin/../lib/gcc/:/home/luoyunxin/.espressif/tools/xtensa-esp-elf/esp-14.2.0_20240906/xtensa-esp-elf/bin/../lib/gcc/xtensa-esp-elf/14.2.0/../../../../xtensa-esp-elf/lib/:/home/luoyunxin/.espressif/tools/xtensa-esp-elf/esp-14.2.0_20240906/xtensa-esp-elf/bin/../xtensa-esp-elf/lib/:/home/luoyunxin/.espressif/tools/xtensa-esp-elf/esp-14.2.0_20240906/xtensa-esp-elf/bin/../xtensa-esp-elf/usr/lib/]
  ignore line: [COLLECT_GCC_OPTIONS='-mdynconfig=xtensa_esp32s3.so' '-mlongcalls' '-fno-builtin-memcpy' '-fno-builtin-memset' '-fno-builtin-bzero' '-fno-builtin-stpcpy' '-fno-builtin-strncpy' '-v' '-o' 'cmTC_6a235' '-dumpdir' 'cmTC_6a235.']
  link line: [ /home/luoyunxin/.espressif/tools/xtensa-esp-elf/esp-14.2.0_20240906/xtensa-esp-elf/bin/../libexec/gcc/xtensa-esp-elf/14.2.0/collect2 -plugin /home/luoyunxin/.espressif/tools/xtensa-esp-elf/esp-14.2.0_20240906/xtensa-esp-elf/bin/../libexec/gcc/xtensa-esp-elf/14.2.0/liblto_plugin.so -plugin-opt=/home/luoyunxin/.espressif/tools/xtensa-esp-elf/esp-14.2.0_20240906/xtensa-esp-elf/bin/../libexec/gcc/xtensa-esp-elf/14.2.0/lto-wrapper -plugin-opt=-fresolution=/tmp/ccc5PXRf.res -plugin-opt=-pass-through=-lgcc -plugin-opt=-pass-through=-lc -plugin-opt=-pass-through=-lnosys -plugin-opt=-pass-through=-lc -plugin-opt=-pass-through=-lgcc --sysroot=/home/luoyunxin/.espressif/tools/xtensa-esp-elf/esp-14.2.0_20240906/xtensa-esp-elf/bin/../xtensa-esp-elf --dynconfig=xtensa_esp32s3.so -o cmTC_6a235 /home/luoyunxin/.espressif/tools/xtensa-esp-elf/esp-14.2.0_20240906/xtensa-esp-elf/bin/../lib/gcc/xtensa-esp-elf/14.2.0/../../../../xtensa-esp-elf/lib/esp32s3/crt0.o /home/luoyunxin/.espressif/tools/xtensa-esp-elf/esp-14.2.0_20240906/xtensa-esp-elf/bin/../lib/gcc/xtensa-esp-elf/14.2.0/esp32s3/crti.o /home/luoyunxin/.espressif/tools/xtensa-esp-elf/esp-14.2.0_20240906/xtensa-esp-elf/bin/../lib/gcc/xtensa-esp-elf/14.2.0/esp32s3/crtbegin.o -L/home/luoyunxin/.espressif/tools/xtensa-esp-elf/esp-14.2.0_20240906/xtensa-esp-elf/bin/../lib/gcc/xtensa-esp-elf/14.2.0/esp32s3 -L/home/luoyunxin/.espressif/tools/xtensa-esp-elf/esp-14.2.0_20240906/xtensa-esp-elf/bin/../lib/gcc/xtensa-esp-elf/14.2.0/../../../../xtensa-esp-elf/lib/esp32s3 -L/home/luoyunxin/.espressif/tools/xtensa-esp-elf/esp-14.2.0_20240906/xtensa-esp-elf/bin/../xtensa-esp-elf/lib/esp32s3 -L/home/luoyunxin/.espressif/tools/xtensa-esp-elf/esp-14.2.0_20240906/xtensa-esp-elf/bin/../lib/gcc/xtensa-esp-elf/14.2.0 -L/home/luoyunxin/.espressif/tools/xtensa-esp-elf/esp-14.2.0_20240906/xtensa-esp-elf/bin/../lib/gcc -L/home/luoyunxin/.espressif/tools/xtensa-esp-elf/esp-14.2.0_20240906/xtensa-esp-elf/bin/../lib/gcc/xtensa-esp-elf/14.2.0/../../../../xtensa-esp-elf/lib -L/home/luoyunxin/.espressif/tools/xtensa-esp-elf/esp-14.2.0_20240906/xtensa-esp-elf/bin/../xtensa-esp-elf/lib -L/home/luoyunxin/.espressif/tools/xtensa-esp-elf/esp-14.2.0_20240906/xtensa-esp-elf/bin/../xtensa-esp-elf/usr/lib CMakeFiles/cmTC_6a235.dir/CMakeCXXCompilerABI.cpp.obj -lstdc++ -lm -lgcc -lc -lnosys -lc -lgcc /home/luoyunxin/.espressif/tools/xtensa-esp-elf/esp-14.2.0_20240906/xtensa-esp-elf/bin/../lib/gcc/xtensa-esp-elf/14.2.0/esp32s3/crtend.o /home/luoyunxin/.espressif/tools/xtensa-esp-elf/esp-14.2.0_20240906/xtensa-esp-elf/bin/../lib/gcc/xtensa-esp-elf/14.2.0/esp32s3/crtn.o]
    arg [/home/luoyunxin/.espressif/tools/xtensa-esp-elf/esp-14.2.0_20240906/xtensa-esp-elf/bin/../libexec/gcc/xtensa-esp-elf/14.2.0/collect2] ==> ignore
    arg [-plugin] ==> ignore
    arg [/home/luoyunxin/.espressif/tools/xtensa-esp-elf/esp-14.2.0_20240906/xtensa-esp-elf/bin/../libexec/gcc/xtensa-esp-elf/14.2.0/liblto_plugin.so] ==> ignore
    arg [-plugin-opt=/home/luoyunxin/.espressif/tools/xtensa-esp-elf/esp-14.2.0_20240906/xtensa-esp-elf/bin/../libexec/gcc/xtensa-esp-elf/14.2.0/lto-wrapper] ==> ignore
    arg [-plugin-opt=-fresolution=/tmp/ccc5PXRf.res] ==> ignore
    arg [-plugin-opt=-pass-through=-lgcc] ==> ignore
    arg [-plugin-opt=-pass-through=-lc] ==> ignore
    arg [-plugin-opt=-pass-through=-lnosys] ==> ignore
    arg [-plugin-opt=-pass-through=-lc] ==> ignore
    arg [-plugin-opt=-pass-through=-lgcc] ==> ignore
    arg [--sysroot=/home/luoyunxin/.espressif/tools/xtensa-esp-elf/esp-14.2.0_20240906/xtensa-esp-elf/bin/../xtensa-esp-elf] ==> ignore
    arg [--dynconfig=xtensa_esp32s3.so] ==> ignore
    arg [-o] ==> ignore
    arg [cmTC_6a235] ==> ignore
    arg [/home/luoyunxin/.espressif/tools/xtensa-esp-elf/esp-14.2.0_20240906/xtensa-esp-elf/bin/../lib/gcc/xtensa-esp-elf/14.2.0/../../../../xtensa-esp-elf/lib/esp32s3/crt0.o] ==> obj [/home/luoyunxin/.espressif/tools/xtensa-esp-elf/esp-14.2.0_20240906/xtensa-esp-elf/bin/../lib/gcc/xtensa-esp-elf/14.2.0/../../../../xtensa-esp-elf/lib/esp32s3/crt0.o]
    arg [/home/luoyunxin/.espressif/tools/xtensa-esp-elf/esp-14.2.0_20240906/xtensa-esp-elf/bin/../lib/gcc/xtensa-esp-elf/14.2.0/esp32s3/crti.o] ==> obj [/home/luoyunxin/.espressif/tools/xtensa-esp-elf/esp-14.2.0_20240906/xtensa-esp-elf/bin/../lib/gcc/xtensa-esp-elf/14.2.0/esp32s3/crti.o]
    arg [/home/luoyunxin/.espressif/tools/xtensa-esp-elf/esp-14.2.0_20240906/xtensa-esp-elf/bin/../lib/gcc/xtensa-esp-elf/14.2.0/esp32s3/crtbegin.o] ==> obj [/home/luoyunxin/.espressif/tools/xtensa-esp-elf/esp-14.2.0_20240906/xtensa-esp-elf/bin/../lib/gcc/xtensa-esp-elf/14.2.0/esp32s3/crtbegin.o]
    arg [-L/home/luoyunxin/.espressif/tools/xtensa-esp-elf/esp-14.2.0_20240906/xtensa-esp-elf/bin/../lib/gcc/xtensa-esp-elf/14.2.0/esp32s3] ==> dir [/home/luoyunxin/.espressif/tools/xtensa-esp-elf/esp-14.2.0_20240906/xtensa-esp-elf/bin/../lib/gcc/xtensa-esp-elf/14.2.0/esp32s3]
    arg [-L/home/luoyunxin/.espressif/tools/xtensa-esp-elf/esp-14.2.0_20240906/xtensa-esp-elf/bin/../lib/gcc/xtensa-esp-elf/14.2.0/../../../../xtensa-esp-elf/lib/esp32s3] ==> dir [/home/luoyunxin/.espressif/tools/xtensa-esp-elf/esp-14.2.0_20240906/xtensa-esp-elf/bin/../lib/gcc/xtensa-esp-elf/14.2.0/../../../../xtensa-esp-elf/lib/esp32s3]
    arg [-L/home/luoyunxin/.espressif/tools/xtensa-esp-elf/esp-14.2.0_20240906/xtensa-esp-elf/bin/../xtensa-esp-elf/lib/esp32s3] ==> dir [/home/luoyunxin/.espressif/tools/xtensa-esp-elf/esp-14.2.0_20240906/xtensa-esp-elf/bin/../xtensa-esp-elf/lib/esp32s3]
    arg [-L/home/luoyunxin/.espressif/tools/xtensa-esp-elf/esp-14.2.0_20240906/xtensa-esp-elf/bin/../lib/gcc/xtensa-esp-elf/14.2.0] ==> dir [/home/luoyunxin/.espressif/tools/xtensa-esp-elf/esp-14.2.0_20240906/xtensa-esp-elf/bin/../lib/gcc/xtensa-esp-elf/14.2.0]
    arg [-L/home/luoyunxin/.espressif/tools/xtensa-esp-elf/esp-14.2.0_20240906/xtensa-esp-elf/bin/../lib/gcc] ==> dir [/home/luoyunxin/.espressif/tools/xtensa-esp-elf/esp-14.2.0_20240906/xtensa-esp-elf/bin/../lib/gcc]
    arg [-L/home/luoyunxin/.espressif/tools/xtensa-esp-elf/esp-14.2.0_20240906/xtensa-esp-elf/bin/../lib/gcc/xtensa-esp-elf/14.2.0/../../../../xtensa-esp-elf/lib] ==> dir [/home/luoyunxin/.espressif/tools/xtensa-esp-elf/esp-14.2.0_20240906/xtensa-esp-elf/bin/../lib/gcc/xtensa-esp-elf/14.2.0/../../../../xtensa-esp-elf/lib]
    arg [-L/home/luoyunxin/.espressif/tools/xtensa-esp-elf/esp-14.2.0_20240906/xtensa-esp-elf/bin/../xtensa-esp-elf/lib] ==> dir [/home/luoyunxin/.espressif/tools/xtensa-esp-elf/esp-14.2.0_20240906/xtensa-esp-elf/bin/../xtensa-esp-elf/lib]
    arg [-L/home/luoyunxin/.espressif/tools/xtensa-esp-elf/esp-14.2.0_20240906/xtensa-esp-elf/bin/../xtensa-esp-elf/usr/lib] ==> dir [/home/luoyunxin/.espressif/tools/xtensa-esp-elf/esp-14.2.0_20240906/xtensa-esp-elf/bin/../xtensa-esp-elf/usr/lib]
    arg [CMakeFiles/cmTC_6a235.dir/CMakeCXXCompilerABI.cpp.obj] ==> ignore
    arg [-lstdc++] ==> lib [stdc++]
    arg [-lm] ==> lib [m]
    arg [-lgcc] ==> lib [gcc]
    arg [-lc] ==> lib [c]
    arg [-lnosys] ==> lib [nosys]
    arg [-lc] ==> lib [c]
    arg [-lgcc] ==> lib [gcc]
    arg [/home/luoyunxin/.espressif/tools/xtensa-esp-elf/esp-14.2.0_20240906/xtensa-esp-elf/bin/../lib/gcc/xtensa-esp-elf/14.2.0/esp32s3/crtend.o] ==> obj [/home/luoyunxin/.espressif/tools/xtensa-esp-elf/esp-14.2.0_20240906/xtensa-esp-elf/bin/../lib/gcc/xtensa-esp-elf/14.2.0/esp32s3/crtend.o]
    arg [/home/luoyunxin/.espressif/tools/xtensa-esp-elf/esp-14.2.0_20240906/xtensa-esp-elf/bin/../lib/gcc/xtensa-esp-elf/14.2.0/esp32s3/crtn.o] ==> obj [/home/luoyunxin/.espressif/tools/xtensa-esp-elf/esp-14.2.0_20240906/xtensa-esp-elf/bin/../lib/gcc/xtensa-esp-elf/14.2.0/esp32s3/crtn.o]
  collapse obj [/home/luoyunxin/.espressif/tools/xtensa-esp-elf/esp-14.2.0_20240906/xtensa-esp-elf/bin/../lib/gcc/xtensa-esp-elf/14.2.0/../../../../xtensa-esp-elf/lib/esp32s3/crt0.o] ==> [/home/luoyunxin/.espressif/tools/xtensa-esp-elf/esp-14.2.0_20240906/xtensa-esp-elf/xtensa-esp-elf/lib/esp32s3/crt0.o]
  collapse obj [/home/luoyunxin/.espressif/tools/xtensa-esp-elf/esp-14.2.0_20240906/xtensa-esp-elf/bin/../lib/gcc/xtensa-esp-elf/14.2.0/esp32s3/crti.o] ==> [/home/luoyunxin/.espressif/tools/xtensa-esp-elf/esp-14.2.0_20240906/xtensa-esp-elf/lib/gcc/xtensa-esp-elf/14.2.0/esp32s3/crti.o]
  collapse obj [/home/luoyunxin/.espressif/tools/xtensa-esp-elf/esp-14.2.0_20240906/xtensa-esp-elf/bin/../lib/gcc/xtensa-esp-elf/14.2.0/esp32s3/crtbegin.o] ==> [/home/luoyunxin/.espressif/tools/xtensa-esp-elf/esp-14.2.0_20240906/xtensa-esp-elf/lib/gcc/xtensa-esp-elf/14.2.0/esp32s3/crtbegin.o]
  collapse obj [/home/luoyunxin/.espressif/tools/xtensa-esp-elf/esp-14.2.0_20240906/xtensa-esp-elf/bin/../lib/gcc/xtensa-esp-elf/14.2.0/esp32s3/crtend.o] ==> [/home/luoyunxin/.espressif/tools/xtensa-esp-elf/esp-14.2.0_20240906/xtensa-esp-elf/lib/gcc/xtensa-esp-elf/14.2.0/esp32s3/crtend.o]
  collapse obj [/home/luoyunxin/.espressif/tools/xtensa-esp-elf/esp-14.2.0_20240906/xtensa-esp-elf/bin/../lib/gcc/xtensa-esp-elf/14.2.0/esp32s3/crtn.o] ==> [/home/luoyunxin/.espressif/tools/xtensa-esp-elf/esp-14.2.0_20240906/xtensa-esp-elf/lib/gcc/xtensa-esp-elf/14.2.0/esp32s3/crtn.o]
  collapse library dir [/home/luoyunxin/.espressif/tools/xtensa-esp-elf/esp-14.2.0_20240906/xtensa-esp-elf/bin/../lib/gcc/xtensa-esp-elf/14.2.0/esp32s3] ==> [/home/luoyunxin/.espressif/tools/xtensa-esp-elf/esp-14.2.0_20240906/xtensa-esp-elf/lib/gcc/xtensa-esp-elf/14.2.0/esp32s3]
  collapse library dir [/home/luoyunxin/.espressif/tools/xtensa-esp-elf/esp-14.2.0_20240906/xtensa-esp-elf/bin/../lib/gcc/xtensa-esp-elf/14.2.0/../../../../xtensa-esp-elf/lib/esp32s3] ==> [/home/luoyunxin/.espressif/tools/xtensa-esp-elf/esp-14.2.0_20240906/xtensa-esp-elf/xtensa-esp-elf/lib/esp32s3]
  collapse library dir [/home/luoyunxin/.espressif/tools/xtensa-esp-elf/esp-14.2.0_20240906/xtensa-esp-elf/bin/../xtensa-esp-elf/lib/esp32s3] ==> [/home/luoyunxin/.espressif/tools/xtensa-esp-elf/esp-14.2.0_20240906/xtensa-esp-elf/xtensa-esp-elf/lib/esp32s3]
  collapse library dir [/home/luoyunxin/.espressif/tools/xtensa-esp-elf/esp-14.2.0_20240906/xtensa-esp-elf/bin/../lib/gcc/xtensa-esp-elf/14.2.0] ==> [/home/luoyunxin/.espressif/tools/xtensa-esp-elf/esp-14.2.0_20240906/xtensa-esp-elf/lib/gcc/xtensa-esp-elf/14.2.0]
  collapse library dir [/home/luoyunxin/.espressif/tools/xtensa-esp-elf/esp-14.2.0_20240906/xtensa-esp-elf/bin/../lib/gcc] ==> [/home/luoyunxin/.espressif/tools/xtensa-esp-elf/esp-14.2.0_20240906/xtensa-esp-elf/lib/gcc]
  collapse library dir [/home/luoyunxin/.espressif/tools/xtensa-esp-elf/esp-14.2.0_20240906/xtensa-esp-elf/bin/../lib/gcc/xtensa-esp-elf/14.2.0/../../../../xtensa-esp-elf/lib] ==> [/home/luoyunxin/.espressif/tools/xtensa-esp-elf/esp-14.2.0_20240906/xtensa-esp-elf/xtensa-esp-elf/lib]
  collapse library dir [/home/luoyunxin/.espressif/tools/xtensa-esp-elf/esp-14.2.0_20240906/xtensa-esp-elf/bin/../xtensa-esp-elf/lib] ==> [/home/luoyunxin/.espressif/tools/xtensa-esp-elf/esp-14.2.0_20240906/xtensa-esp-elf/xtensa-esp-elf/lib]
  collapse library dir [/home/luoyunxin/.espressif/tools/xtensa-esp-elf/esp-14.2.0_20240906/xtensa-esp-elf/bin/../xtensa-esp-elf/usr/lib] ==> [/home/luoyunxin/.espressif/tools/xtensa-esp-elf/esp-14.2.0_20240906/xtensa-esp-elf/xtensa-esp-elf/usr/lib]
  implicit libs: [stdc++;m;gcc;c;nosys;c;gcc]
  implicit objs: [/home/luoyunxin/.espressif/tools/xtensa-esp-elf/esp-14.2.0_20240906/xtensa-esp-elf/xtensa-esp-elf/lib/esp32s3/crt0.o;/home/luoyunxin/.espressif/tools/xtensa-esp-elf/esp-14.2.0_20240906/xtensa-esp-elf/lib/gcc/xtensa-esp-elf/14.2.0/esp32s3/crti.o;/home/luoyunxin/.espressif/tools/xtensa-esp-elf/esp-14.2.0_20240906/xtensa-esp-elf/lib/gcc/xtensa-esp-elf/14.2.0/esp32s3/crtbegin.o;/home/luoyunxin/.espressif/tools/xtensa-esp-elf/esp-14.2.0_20240906/xtensa-esp-elf/lib/gcc/xtensa-esp-elf/14.2.0/esp32s3/crtend.o;/home/luoyunxin/.espressif/tools/xtensa-esp-elf/esp-14.2.0_20240906/xtensa-esp-elf/lib/gcc/xtensa-esp-elf/14.2.0/esp32s3/crtn.o]
  implicit dirs: [/home/luoyunxin/.espressif/tools/xtensa-esp-elf/esp-14.2.0_20240906/xtensa-esp-elf/lib/gcc/xtensa-esp-elf/14.2.0/esp32s3;/home/luoyunxin/.espressif/tools/xtensa-esp-elf/esp-14.2.0_20240906/xtensa-esp-elf/xtensa-esp-elf/lib/esp32s3;/home/luoyunxin/.espressif/tools/xtensa-esp-elf/esp-14.2.0_20240906/xtensa-esp-elf/lib/gcc/xtensa-esp-elf/14.2.0;/home/luoyunxin/.espressif/tools/xtensa-esp-elf/esp-14.2.0_20240906/xtensa-esp-elf/lib/gcc;/home/luoyunxin/.espressif/tools/xtensa-esp-elf/esp-14.2.0_20240906/xtensa-esp-elf/xtensa-esp-elf/lib;/home/luoyunxin/.espressif/tools/xtensa-esp-elf/esp-14.2.0_20240906/xtensa-esp-elf/xtensa-esp-elf/usr/lib]
  implicit fwks: []


Determining if the include file pthread.h exists passed with the following output:
Change Dir: /home/luoyunxin/esp/elec_clock_local/build/CMakeFiles/CMakeTmp

Run Build Command(s):/usr/bin/ninja cmTC_2faa1 && [1/2] Building C object CMakeFiles/cmTC_2faa1.dir/CheckIncludeFile.c.obj
[2/2] Linking C executable cmTC_2faa1



Performing C SOURCE FILE Test CMAKE_HAVE_LIBC_PTHREAD succeeded with the following output:
Change Dir: /home/luoyunxin/esp/elec_clock_local/build/CMakeFiles/CMakeTmp

Run Build Command(s):/usr/bin/ninja cmTC_6c2b0 && [1/2] Building C object CMakeFiles/cmTC_6c2b0.dir/src.c.obj
[2/2] Linking C executable cmTC_6c2b0
/home/luoyunxin/.espressif/tools/xtensa-esp-elf/esp-14.2.0_20240906/xtensa-esp-elf/bin/../lib/gcc/xtensa-esp-elf/14.2.0/../../../../xtensa-esp-elf/bin/ld: CMakeFiles/cmTC_6c2b0.dir/src.c.obj:(.literal+0x14): warning: pthread_atfork is not implemented and will always fail
/home/luoyunxin/.espressif/tools/xtensa-esp-elf/esp-14.2.0_20240906/xtensa-esp-elf/bin/../lib/gcc/xtensa-esp-elf/14.2.0/../../../../xtensa-esp-elf/bin/ld: CMakeFiles/cmTC_6c2b0.dir/src.c.obj:(.literal+0xc): warning: pthread_cancel is not implemented and will always fail
/home/luoyunxin/.espressif/tools/xtensa-esp-elf/esp-14.2.0_20240906/xtensa-esp-elf/bin/../lib/gcc/xtensa-esp-elf/14.2.0/../../../../xtensa-esp-elf/bin/ld: CMakeFiles/cmTC_6c2b0.dir/src.c.obj:(.literal+0x4): warning: pthread_create is not implemented and will always fail
/home/luoyunxin/.espressif/tools/xtensa-esp-elf/esp-14.2.0_20240906/xtensa-esp-elf/bin/../lib/gcc/xtensa-esp-elf/14.2.0/../../../../xtensa-esp-elf/bin/ld: CMakeFiles/cmTC_6c2b0.dir/src.c.obj:(.literal+0x8): warning: pthread_detach is not implemented and will always fail
/home/luoyunxin/.espressif/tools/xtensa-esp-elf/esp-14.2.0_20240906/xtensa-esp-elf/bin/../lib/gcc/xtensa-esp-elf/14.2.0/../../../../xtensa-esp-elf/bin/ld: CMakeFiles/cmTC_6c2b0.dir/src.c.obj:(.literal+0x18): warning: pthread_exit is not implemented and will always fail
/home/luoyunxin/.espressif/tools/xtensa-esp-elf/esp-14.2.0_20240906/xtensa-esp-elf/bin/../lib/gcc/xtensa-esp-elf/14.2.0/../../../../xtensa-esp-elf/bin/ld: CMakeFiles/cmTC_6c2b0.dir/src.c.obj:(.literal+0x10): warning: pthread_join is not implemented and will always fail


Source file was:
#include <pthread.h>

static void* test_func(void* data)
{
  return data;
}

int main(void)
{
  pthread_t thread;
  pthread_create(&thread, NULL, test_func, NULL);
  pthread_detach(thread);
  pthread_cancel(thread);
  pthread_join(thread, NULL);
  pthread_atfork(NULL, NULL, NULL);
  pthread_exit(NULL);

  return 0;
}

Performing C SOURCE FILE Test C_COMPILER_SUPPORTS_WFORMAT_SIGNEDNESS succeeded with the following output:
Change Dir: /home/luoyunxin/esp/elec_clock_local/build/CMakeFiles/CMakeTmp

Run Build Command(s):/usr/bin/ninja cmTC_5ad96 && [1/2] Building C object CMakeFiles/cmTC_5ad96.dir/src.c.obj
[2/2] Linking C executable cmTC_5ad96


Source file was:
int main(void) { return 0; }
